2025-06-08T22:08:23.770-05:00  INFO 19156 --- [SysVentas] [main] e.u.p.ProyectoRestaurantApplicationTests : Starting ProyectoRestaurantApplicationTests using Java 23.0.2 with PID 19156 (started by USUARIO in C:\Users\USUARIO\Documents\ProyectoRestaurantJava\ProyectoRestaurant)
2025-06-08T22:08:23.774-05:00  INFO 19156 --- [SysVentas] [main] e.u.p.ProyectoRestaurantApplicationTests : No active profile set, falling back to 1 default profile: "default"
2025-06-08T22:08:24.900-05:00  INFO 19156 --- [SysVentas] [main] .s.d.r.c.RepositoryConfigurationDelegate : Bootstrapping Spring Data JPA repositories in DEFAULT mode.
2025-06-08T22:08:25.038-05:00  INFO 19156 --- [SysVentas] [main] .s.d.r.c.RepositoryConfigurationDelegate : Finished Spring Data repository scanning in 114 ms. Found 10 JPA repository interfaces.
2025-06-08T22:08:25.672-05:00  INFO 19156 --- [SysVentas] [main] o.hibernate.jpa.internal.util.LogHelper  : HHH000204: Processing PersistenceUnitInfo [name: default]
2025-06-08T22:08:25.780-05:00  INFO 19156 --- [SysVentas] [main] org.hibernate.Version                    : HHH000412: Hibernate ORM core version 6.4.4.Final
2025-06-08T22:08:25.835-05:00  INFO 19156 --- [SysVentas] [main] o.h.c.internal.RegionFactoryInitiator    : HHH000026: Second-level cache disabled
2025-06-08T22:08:26.142-05:00  INFO 19156 --- [SysVentas] [main] o.s.o.j.p.SpringPersistenceUnitInfo      : No LoadTimeWeaver setup: ignoring JPA class transformer
2025-06-08T22:08:26.189-05:00  INFO 19156 --- [SysVentas] [main] com.zaxxer.hikari.HikariDataSource       : HikariPool-1 - Starting...
2025-06-08T22:08:26.342-05:00  INFO 19156 --- [SysVentas] [main] com.zaxxer.hikari.pool.HikariPool        : HikariPool-1 - Added connection org.sqlite.jdbc4.JDBC4Connection@56c0a61e
2025-06-08T22:08:26.342-05:00  INFO 19156 --- [SysVentas] [main] com.zaxxer.hikari.HikariDataSource       : HikariPool-1 - Start completed.
2025-06-08T22:08:27.913-05:00  INFO 19156 --- [SysVentas] [main] o.h.e.t.j.p.i.JtaPlatformInitiator       : HHH000489: No JTA platform available (set 'hibernate.transaction.jta.platform' to enable JTA platform integration)
2025-06-08T22:08:28.007-05:00  INFO 19156 --- [SysVentas] [main] j.LocalContainerEntityManagerFactoryBean : Initialized JPA EntityManagerFactory for persistence unit 'default'
2025-06-08T22:08:28.467-05:00  INFO 19156 --- [SysVentas] [main] o.s.d.j.r.query.QueryEnhancerFactory     : Hibernate is in classpath; If applicable, HQL parser will be used.
2025-06-08T22:08:29.107-05:00  INFO 19156 --- [SysVentas] [main] e.u.p.ProyectoRestaurantApplicationTests : Started ProyectoRestaurantApplicationTests in 5.764 seconds (process running for 7.407)
2025-06-08T22:08:29.808-05:00  INFO 19156 --- [SysVentas] [SpringApplicationShutdownHook] j.LocalContainerEntityManagerFactoryBean : Closing JPA EntityManagerFactory for persistence unit 'default'
2025-06-08T22:08:29.808-05:00  INFO 19156 --- [SysVentas] [SpringApplicationShutdownHook] com.zaxxer.hikari.HikariDataSource       : HikariPool-1 - Shutdown initiated...
2025-06-08T22:08:29.822-05:00  INFO 19156 --- [SysVentas] [SpringApplicationShutdownHook] com.zaxxer.hikari.HikariDataSource       : HikariPool-1 - Shutdown completed.
2025-06-08T22:10:12.596-05:00  INFO 16556 --- [SysVentas] [main] p.e.u.p.ProyectoRestaurantApplication    : Starting ProyectoRestaurantApplication using Java 23.0.2 with PID 16556 (C:\Users\USUARIO\Documents\ProyectoRestaurantJava\ProyectoRestaurant\target\classes started by USUARIO in C:\Users\USUARIO\Documents\ProyectoRestaurantJava\ProyectoRestaurant)
2025-06-08T22:10:12.604-05:00  INFO 16556 --- [SysVentas] [main] p.e.u.p.ProyectoRestaurantApplication    : No active profile set, falling back to 1 default profile: "default"
2025-06-08T22:10:13.692-05:00  INFO 16556 --- [SysVentas] [main] .s.d.r.c.RepositoryConfigurationDelegate : Bootstrapping Spring Data JPA repositories in DEFAULT mode.
2025-06-08T22:10:13.846-05:00  INFO 16556 --- [SysVentas] [main] .s.d.r.c.RepositoryConfigurationDelegate : Finished Spring Data repository scanning in 129 ms. Found 10 JPA repository interfaces.
2025-06-08T22:10:14.610-05:00  INFO 16556 --- [SysVentas] [main] o.hibernate.jpa.internal.util.LogHelper  : HHH000204: Processing PersistenceUnitInfo [name: default]
2025-06-08T22:10:14.696-05:00  INFO 16556 --- [SysVentas] [main] org.hibernate.Version                    : HHH000412: Hibernate ORM core version 6.4.4.Final
2025-06-08T22:10:14.745-05:00  INFO 16556 --- [SysVentas] [main] o.h.c.internal.RegionFactoryInitiator    : HHH000026: Second-level cache disabled
2025-06-08T22:10:15.026-05:00  INFO 16556 --- [SysVentas] [main] o.s.o.j.p.SpringPersistenceUnitInfo      : No LoadTimeWeaver setup: ignoring JPA class transformer
2025-06-08T22:10:15.077-05:00  INFO 16556 --- [SysVentas] [main] com.zaxxer.hikari.HikariDataSource       : HikariPool-1 - Starting...
2025-06-08T22:10:15.217-05:00  INFO 16556 --- [SysVentas] [main] com.zaxxer.hikari.pool.HikariPool        : HikariPool-1 - Added connection org.sqlite.jdbc4.JDBC4Connection@2443abd6
2025-06-08T22:10:15.217-05:00  INFO 16556 --- [SysVentas] [main] com.zaxxer.hikari.HikariDataSource       : HikariPool-1 - Start completed.
2025-06-08T22:10:16.672-05:00  INFO 16556 --- [SysVentas] [main] o.h.e.t.j.p.i.JtaPlatformInitiator       : HHH000489: No JTA platform available (set 'hibernate.transaction.jta.platform' to enable JTA platform integration)
2025-06-08T22:10:16.737-05:00  INFO 16556 --- [SysVentas] [main] j.LocalContainerEntityManagerFactoryBean : Initialized JPA EntityManagerFactory for persistence unit 'default'
2025-06-08T22:10:17.246-05:00  INFO 16556 --- [SysVentas] [main] o.s.d.j.r.query.QueryEnhancerFactory     : Hibernate is in classpath; If applicable, HQL parser will be used.
2025-06-08T22:10:17.887-05:00  INFO 16556 --- [SysVentas] [main] p.e.u.p.ProyectoRestaurantApplication    : Started ProyectoRestaurantApplication in 5.95 seconds (process running for 6.475)
2025-06-08T22:10:18.094-05:00  WARN 16556 --- [SysVentas] [main] javafx                                   : Unsupported JavaFX configuration: classes were loaded from 'unnamed module @345965f2'
2025-06-08T22:10:24.997-05:00  INFO 16556 --- [SysVentas] [JavaFX Application Thread] p.e.u.p.control.ControlLogin             : Autenticación exitosa para el empleado: hermes con rol: admin
2025-06-08T22:10:25.054-05:00  INFO 16556 --- [SysVentas] [JavaFX Application Thread] p.e.u.p.control.GUIMainFX                : Inicializando GUIMainFX
2025-06-08T22:10:25.313-05:00  INFO 16556 --- [SysVentas] [JavaFX Application Thread] p.e.u.p.control.ControlMenu              : Inicializando ControlMenu
2025-06-08T22:10:25.323-05:00  INFO 16556 --- [SysVentas] [JavaFX Application Thread] p.e.u.p.service.SeccionService           : Total de secciones encontradas: 0
2025-06-08T22:10:25.348-05:00  INFO 16556 --- [SysVentas] [JavaFX Application Thread] p.e.u.p.service.ProductoService          : Total de productos encontrados: 0
2025-06-08T22:10:25.351-05:00  INFO 16556 --- [SysVentas] [JavaFX Application Thread] p.e.u.p.control.GUIMainFX                : Vista cargada correctamente: /views/admMenu.fxml
2025-06-08T22:10:26.428-05:00  INFO 16556 --- [SysVentas] [JavaFX Application Thread] p.e.u.p.control.ControlLogin             : Interfaz principal cargada correctamente para el rol: admin
2025-06-08T22:10:34.318-05:00 ERROR 16556 --- [SysVentas] [JavaFX Application Thread] p.e.u.p.control.GUIMainFX                : Error al cargar la vista /views/frmEmpleado.fxml: 
/C:/Users/USUARIO/Documents/ProyectoRestaurantJava/ProyectoRestaurant/target/classes/views/frmEmpleado.fxml:58

2025-06-08T22:10:41.021-05:00  INFO 16556 --- [SysVentas] [JavaFX Application Thread] p.e.u.p.control.ControlMenu              : Inicializando ControlMenu
2025-06-08T22:10:41.029-05:00  INFO 16556 --- [SysVentas] [JavaFX Application Thread] p.e.u.p.service.SeccionService           : Total de secciones encontradas: 0
2025-06-08T22:10:41.036-05:00  INFO 16556 --- [SysVentas] [JavaFX Application Thread] p.e.u.p.service.ProductoService          : Total de productos encontrados: 0
2025-06-08T22:10:41.049-05:00  INFO 16556 --- [SysVentas] [JavaFX Application Thread] p.e.u.p.control.GUIMainFX                : Vista cargada correctamente: /views/admMenu.fxml
2025-06-08T22:10:47.097-05:00  WARN 16556 --- [SysVentas] [JavaFX Application Thread] javafx                                   : Loading FXML document with JavaFX API of version 23.0.1 by JavaFX runtime of version 21.0.1
2025-06-08T22:10:47.183-05:00  INFO 16556 --- [SysVentas] [JavaFX Application Thread] p.e.u.p.control.GUIMainFX                : Vista cargada correctamente: /views/frmPedido.fxml
2025-06-08T22:11:11.980-05:00  INFO 16556 --- [SysVentas] [SpringApplicationShutdownHook] j.LocalContainerEntityManagerFactoryBean : Closing JPA EntityManagerFactory for persistence unit 'default'
2025-06-08T22:11:11.989-05:00  INFO 16556 --- [SysVentas] [SpringApplicationShutdownHook] com.zaxxer.hikari.HikariDataSource       : HikariPool-1 - Shutdown initiated...
2025-06-08T22:11:11.999-05:00  INFO 16556 --- [SysVentas] [SpringApplicationShutdownHook] com.zaxxer.hikari.HikariDataSource       : HikariPool-1 - Shutdown completed.
2025-06-08T22:17:50.890-05:00  INFO 15972 --- [SysVentas] [JavaFX-Launcher] o.s.boot.SpringApplication               : Starting application using Java 23.0.2 with PID 15972 (started by USUARIO in C:\Users\USUARIO\Documents\ProyectoRestaurantJava\ProyectoRestaurant)
2025-06-08T22:17:50.894-05:00  INFO 15972 --- [SysVentas] [JavaFX-Launcher] o.s.boot.SpringApplication               : No active profile set, falling back to 1 default profile: "default"
2025-06-08T22:17:51.899-05:00  INFO 15972 --- [SysVentas] [JavaFX-Launcher] .s.d.r.c.RepositoryConfigurationDelegate : Bootstrapping Spring Data JPA repositories in DEFAULT mode.
2025-06-08T22:17:52.031-05:00  INFO 15972 --- [SysVentas] [JavaFX-Launcher] .s.d.r.c.RepositoryConfigurationDelegate : Finished Spring Data repository scanning in 118 ms. Found 10 JPA repository interfaces.
2025-06-08T22:17:52.625-05:00  INFO 15972 --- [SysVentas] [JavaFX-Launcher] o.hibernate.jpa.internal.util.LogHelper  : HHH000204: Processing PersistenceUnitInfo [name: default]
2025-06-08T22:17:52.698-05:00  INFO 15972 --- [SysVentas] [JavaFX-Launcher] org.hibernate.Version                    : HHH000412: Hibernate ORM core version 6.4.4.Final
2025-06-08T22:17:52.754-05:00  INFO 15972 --- [SysVentas] [JavaFX-Launcher] o.h.c.internal.RegionFactoryInitiator    : HHH000026: Second-level cache disabled
2025-06-08T22:17:53.092-05:00  INFO 15972 --- [SysVentas] [JavaFX-Launcher] o.s.o.j.p.SpringPersistenceUnitInfo      : No LoadTimeWeaver setup: ignoring JPA class transformer
2025-06-08T22:17:53.128-05:00  INFO 15972 --- [SysVentas] [JavaFX-Launcher] com.zaxxer.hikari.HikariDataSource       : HikariPool-1 - Starting...
2025-06-08T22:17:53.258-05:00  INFO 15972 --- [SysVentas] [JavaFX-Launcher] com.zaxxer.hikari.pool.HikariPool        : HikariPool-1 - Added connection org.sqlite.jdbc4.JDBC4Connection@6bffd18a
2025-06-08T22:17:53.261-05:00  INFO 15972 --- [SysVentas] [JavaFX-Launcher] com.zaxxer.hikari.HikariDataSource       : HikariPool-1 - Start completed.
2025-06-08T22:17:54.754-05:00  INFO 15972 --- [SysVentas] [JavaFX-Launcher] o.h.e.t.j.p.i.JtaPlatformInitiator       : HHH000489: No JTA platform available (set 'hibernate.transaction.jta.platform' to enable JTA platform integration)
2025-06-08T22:17:54.824-05:00  INFO 15972 --- [SysVentas] [JavaFX-Launcher] j.LocalContainerEntityManagerFactoryBean : Initialized JPA EntityManagerFactory for persistence unit 'default'
2025-06-08T22:17:55.264-05:00  INFO 15972 --- [SysVentas] [JavaFX-Launcher] o.s.d.j.r.query.QueryEnhancerFactory     : Hibernate is in classpath; If applicable, HQL parser will be used.
2025-06-08T22:17:55.840-05:00  INFO 15972 --- [SysVentas] [JavaFX-Launcher] o.s.boot.SpringApplication               : Started application in 5.754 seconds (process running for 6.828)
2025-06-08T22:18:05.754-05:00  INFO 15972 --- [SysVentas] [JavaFX Application Thread] p.e.u.p.control.ControlLogin             : Autenticación exitosa para el empleado: hermes con rol: admin
2025-06-08T22:18:05.828-05:00  INFO 15972 --- [SysVentas] [JavaFX Application Thread] p.e.u.p.control.GUIMainFX                : Inicializando GUIMainFX
2025-06-08T22:18:06.081-05:00  INFO 15972 --- [SysVentas] [JavaFX Application Thread] p.e.u.p.control.ControlMenu              : Inicializando ControlMenu
2025-06-08T22:18:06.140-05:00  INFO 15972 --- [SysVentas] [JavaFX Application Thread] p.e.u.p.service.SeccionService           : Total de secciones encontradas: 0
2025-06-08T22:18:06.167-05:00  INFO 15972 --- [SysVentas] [JavaFX Application Thread] p.e.u.p.service.ProductoService          : Total de productos encontrados: 0
2025-06-08T22:18:06.169-05:00  INFO 15972 --- [SysVentas] [JavaFX Application Thread] p.e.u.p.control.GUIMainFX                : Vista cargada correctamente: /views/admMenu.fxml
2025-06-08T22:18:07.177-05:00  INFO 15972 --- [SysVentas] [JavaFX Application Thread] p.e.u.p.control.ControlLogin             : Interfaz principal cargada correctamente para el rol: admin
2025-06-08T22:18:10.861-05:00 ERROR 15972 --- [SysVentas] [JavaFX Application Thread] p.e.u.p.control.GUIMainFX                : Error al cargar la vista /views/frmEmpleado.fxml: 
/C:/Users/USUARIO/Documents/ProyectoRestaurantJava/ProyectoRestaurant/target/classes/views/frmEmpleado.fxml:58

2025-06-08T22:18:35.195-05:00  WARN 15972 --- [SysVentas] [JavaFX Application Thread] javafx                                   : Loading FXML document with JavaFX API of version 23.0.1 by JavaFX runtime of version 21.0.1
2025-06-08T22:18:35.300-05:00  INFO 15972 --- [SysVentas] [JavaFX Application Thread] p.e.u.p.control.GUIMainFX                : Vista cargada correctamente: /views/frmPedido.fxml
2025-06-08T22:19:20.665-05:00  INFO 15972 --- [SysVentas] [JavaFX Application Thread] j.LocalContainerEntityManagerFactoryBean : Closing JPA EntityManagerFactory for persistence unit 'default'
2025-06-08T22:19:20.698-05:00  INFO 15972 --- [SysVentas] [JavaFX Application Thread] com.zaxxer.hikari.HikariDataSource       : HikariPool-1 - Shutdown initiated...
2025-06-08T22:19:20.712-05:00  INFO 15972 --- [SysVentas] [JavaFX Application Thread] com.zaxxer.hikari.HikariDataSource       : HikariPool-1 - Shutdown completed.
2025-06-08T22:22:49.515-05:00  INFO 13784 --- [SysVentas] [JavaFX-Launcher] o.s.boot.SpringApplication               : Starting application using Java 23.0.2 with PID 13784 (started by USUARIO in C:\Users\USUARIO\Documents\ProyectoRestaurantJava\ProyectoRestaurant)
2025-06-08T22:22:49.519-05:00  INFO 13784 --- [SysVentas] [JavaFX-Launcher] o.s.boot.SpringApplication               : No active profile set, falling back to 1 default profile: "default"
2025-06-08T22:22:50.639-05:00  INFO 13784 --- [SysVentas] [JavaFX-Launcher] .s.d.r.c.RepositoryConfigurationDelegate : Bootstrapping Spring Data JPA repositories in DEFAULT mode.
2025-06-08T22:22:50.771-05:00  INFO 13784 --- [SysVentas] [JavaFX-Launcher] .s.d.r.c.RepositoryConfigurationDelegate : Finished Spring Data repository scanning in 117 ms. Found 10 JPA repository interfaces.
2025-06-08T22:22:51.364-05:00  INFO 13784 --- [SysVentas] [JavaFX-Launcher] o.hibernate.jpa.internal.util.LogHelper  : HHH000204: Processing PersistenceUnitInfo [name: default]
2025-06-08T22:22:51.442-05:00  INFO 13784 --- [SysVentas] [JavaFX-Launcher] org.hibernate.Version                    : HHH000412: Hibernate ORM core version 6.4.4.Final
2025-06-08T22:22:51.491-05:00  INFO 13784 --- [SysVentas] [JavaFX-Launcher] o.h.c.internal.RegionFactoryInitiator    : HHH000026: Second-level cache disabled
2025-06-08T22:22:51.768-05:00  INFO 13784 --- [SysVentas] [JavaFX-Launcher] o.s.o.j.p.SpringPersistenceUnitInfo      : No LoadTimeWeaver setup: ignoring JPA class transformer
2025-06-08T22:22:51.802-05:00  INFO 13784 --- [SysVentas] [JavaFX-Launcher] com.zaxxer.hikari.HikariDataSource       : HikariPool-1 - Starting...
2025-06-08T22:22:51.927-05:00  INFO 13784 --- [SysVentas] [JavaFX-Launcher] com.zaxxer.hikari.pool.HikariPool        : HikariPool-1 - Added connection org.sqlite.jdbc4.JDBC4Connection@7d937ed5
2025-06-08T22:22:51.930-05:00  INFO 13784 --- [SysVentas] [JavaFX-Launcher] com.zaxxer.hikari.HikariDataSource       : HikariPool-1 - Start completed.
2025-06-08T22:22:53.411-05:00  INFO 13784 --- [SysVentas] [JavaFX-Launcher] o.h.e.t.j.p.i.JtaPlatformInitiator       : HHH000489: No JTA platform available (set 'hibernate.transaction.jta.platform' to enable JTA platform integration)
2025-06-08T22:22:53.468-05:00  INFO 13784 --- [SysVentas] [JavaFX-Launcher] j.LocalContainerEntityManagerFactoryBean : Initialized JPA EntityManagerFactory for persistence unit 'default'
2025-06-08T22:22:53.845-05:00  INFO 13784 --- [SysVentas] [JavaFX-Launcher] o.s.d.j.r.query.QueryEnhancerFactory     : Hibernate is in classpath; If applicable, HQL parser will be used.
2025-06-08T22:22:54.397-05:00  INFO 13784 --- [SysVentas] [JavaFX-Launcher] o.s.boot.SpringApplication               : Started application in 5.74 seconds (process running for 7.233)
2025-06-08T22:23:01.062-05:00  INFO 13784 --- [SysVentas] [JavaFX Application Thread] p.e.u.p.control.ControlLogin             : Autenticación exitosa para el empleado: hermes con rol: admin
2025-06-08T22:23:01.115-05:00  INFO 13784 --- [SysVentas] [JavaFX Application Thread] p.e.u.p.control.GUIMainFX                : Inicializando GUIMainFX
2025-06-08T22:23:01.342-05:00  INFO 13784 --- [SysVentas] [JavaFX Application Thread] p.e.u.p.control.ControlMenu              : Inicializando ControlMenu
2025-06-08T22:23:01.384-05:00  INFO 13784 --- [SysVentas] [JavaFX Application Thread] p.e.u.p.service.SeccionService           : Total de secciones encontradas: 0
2025-06-08T22:23:01.406-05:00  INFO 13784 --- [SysVentas] [JavaFX Application Thread] p.e.u.p.service.ProductoService          : Total de productos encontrados: 0
2025-06-08T22:23:01.408-05:00  INFO 13784 --- [SysVentas] [JavaFX Application Thread] p.e.u.p.control.GUIMainFX                : Vista cargada correctamente: /views/admMenu.fxml
2025-06-08T22:23:02.336-05:00  INFO 13784 --- [SysVentas] [JavaFX Application Thread] p.e.u.p.control.ControlLogin             : Interfaz principal cargada correctamente para el rol: admin
2025-06-08T22:23:05.863-05:00  INFO 13784 --- [SysVentas] [JavaFX Application Thread] p.e.u.p.control.GUIMainFX                : Vista cargada correctamente: /views/frmEmpleado.fxml
2025-06-08T22:24:33.105-05:00 ERROR 13784 --- [SysVentas] [JavaFX Application Thread] p.e.u.p.control.ControlLogin             : Error inesperado durante la autenticación:

java.lang.NullPointerException: Cannot invoke "pe.edu.upeu.proyecto_restaurant.service.EmpleadoService.buscarPorUsuario(String)" because "this.empleadoService" is null
	at pe.edu.upeu.proyecto_restaurant.control.ControlLogin.login(ControlLogin.java:59) ~[classes/:na]
	at java.base/jdk.internal.reflect.DirectMethodHandleAccessor.invoke(DirectMethodHandleAccessor.java:103) ~[na:na]
	at java.base/java.lang.reflect.Method.invoke(Method.java:580) ~[na:na]
	at com.sun.javafx.reflect.Trampoline.invoke(MethodUtil.java:72) ~[javafx-base-21.0.1-win.jar:na]
	at java.base/jdk.internal.reflect.DirectMethodHandleAccessor.invoke(DirectMethodHandleAccessor.java:103) ~[na:na]
	at java.base/java.lang.reflect.Method.invoke(Method.java:580) ~[na:na]
	at com.sun.javafx.reflect.MethodUtil.invoke(MethodUtil.java:270) ~[javafx-base-21.0.1-win.jar:na]
	at com.sun.javafx.fxml.MethodHelper.invoke(MethodHelper.java:84) ~[javafx-fxml-21.0.1-win.jar:na]
	at javafx.fxml.FXMLLoader$MethodHandler.invoke(FXMLLoader.java:1853) ~[javafx-fxml-21.0.1-win.jar:na]
	at javafx.fxml.FXMLLoader$ControllerMethodEventHandler.handle(FXMLLoader.java:1726) ~[javafx-fxml-21.0.1-win.jar:na]
	at com.sun.javafx.event.CompositeEventHandler.dispatchBubblingEvent(CompositeEventHandler.java:86) ~[javafx-base-21.0.1-win.jar:na]
	at com.sun.javafx.event.EventHandlerManager.dispatchBubblingEvent(EventHandlerManager.java:232) ~[javafx-base-21.0.1-win.jar:na]
	at com.sun.javafx.event.EventHandlerManager.dispatchBubblingEvent(EventHandlerManager.java:189) ~[javafx-base-21.0.1-win.jar:na]
	at com.sun.javafx.event.CompositeEventDispatcher.dispatchBubblingEvent(CompositeEventDispatcher.java:59) ~[javafx-base-21.0.1-win.jar:na]
	at com.sun.javafx.event.BasicEventDispatcher.dispatchEvent(BasicEventDispatcher.java:58) ~[javafx-base-21.0.1-win.jar:na]
	at com.sun.javafx.event.EventDispatchChainImpl.dispatchEvent(EventDispatchChainImpl.java:114) ~[javafx-base-21.0.1-win.jar:na]
	at com.sun.javafx.event.BasicEventDispatcher.dispatchEvent(BasicEventDispatcher.java:56) ~[javafx-base-21.0.1-win.jar:na]
	at com.sun.javafx.event.EventDispatchChainImpl.dispatchEvent(EventDispatchChainImpl.java:114) ~[javafx-base-21.0.1-win.jar:na]
	at com.sun.javafx.event.BasicEventDispatcher.dispatchEvent(BasicEventDispatcher.java:56) ~[javafx-base-21.0.1-win.jar:na]
	at com.sun.javafx.event.EventDispatchChainImpl.dispatchEvent(EventDispatchChainImpl.java:114) ~[javafx-base-21.0.1-win.jar:na]
	at com.sun.javafx.event.EventUtil.fireEventImpl(EventUtil.java:74) ~[javafx-base-21.0.1-win.jar:na]
	at com.sun.javafx.event.EventUtil.fireEvent(EventUtil.java:49) ~[javafx-base-21.0.1-win.jar:na]
	at javafx.event.Event.fireEvent(Event.java:198) ~[javafx-base-21.0.1-win.jar:na]
	at javafx.scene.Node.fireEvent(Node.java:8875) ~[javafx-graphics-21.0.1-win.jar:na]
	at javafx.scene.control.Button.fire(Button.java:203) ~[javafx-controls-21.0.1-win.jar:na]
	at javafx.scene.control.skin.ButtonSkin.lambda$new$0(ButtonSkin.java:71) ~[javafx-controls-21.0.1-win.jar:na]
	at com.sun.javafx.scene.KeyboardShortcutsHandler.processAccelerators(KeyboardShortcutsHandler.java:383) ~[javafx-graphics-21.0.1-win.jar:na]
	at com.sun.javafx.scene.KeyboardShortcutsHandler.dispatchBubblingEvent(KeyboardShortcutsHandler.java:163) ~[javafx-graphics-21.0.1-win.jar:na]
	at com.sun.javafx.event.CompositeEventDispatcher.dispatchBubblingEvent(CompositeEventDispatcher.java:59) ~[javafx-base-21.0.1-win.jar:na]
	at com.sun.javafx.event.BasicEventDispatcher.dispatchEvent(BasicEventDispatcher.java:58) ~[javafx-base-21.0.1-win.jar:na]
	at com.sun.javafx.event.EventDispatchChainImpl.dispatchEvent(EventDispatchChainImpl.java:114) ~[javafx-base-21.0.1-win.jar:na]
	at com.sun.javafx.event.BasicEventDispatcher.dispatchEvent(BasicEventDispatcher.java:56) ~[javafx-base-21.0.1-win.jar:na]
	at com.sun.javafx.event.EventDispatchChainImpl.dispatchEvent(EventDispatchChainImpl.java:114) ~[javafx-base-21.0.1-win.jar:na]
	at com.sun.javafx.event.EventUtil.fireEventImpl(EventUtil.java:74) ~[javafx-base-21.0.1-win.jar:na]
	at com.sun.javafx.event.EventUtil.fireEvent(EventUtil.java:54) ~[javafx-base-21.0.1-win.jar:na]
	at javafx.event.Event.fireEvent(Event.java:198) ~[javafx-base-21.0.1-win.jar:na]
	at javafx.scene.Scene.processKeyEvent(Scene.java:2194) ~[javafx-graphics-21.0.1-win.jar:na]
	at javafx.scene.Scene$ScenePeerListener.keyEvent(Scene.java:2715) ~[javafx-graphics-21.0.1-win.jar:na]
	at com.sun.javafx.tk.quantum.GlassViewEventHandler$KeyEventNotification.run(GlassViewEventHandler.java:218) ~[javafx-graphics-21.0.1-win.jar:na]
	at com.sun.javafx.tk.quantum.GlassViewEventHandler$KeyEventNotification.run(GlassViewEventHandler.java:150) ~[javafx-graphics-21.0.1-win.jar:na]
	at java.base/java.security.AccessController.doPrivileged(AccessController.java:400) ~[na:na]
	at com.sun.javafx.tk.quantum.GlassViewEventHandler.lambda$handleKeyEvent$1(GlassViewEventHandler.java:250) ~[javafx-graphics-21.0.1-win.jar:na]
	at com.sun.javafx.tk.quantum.QuantumToolkit.runWithoutRenderLock(QuantumToolkit.java:424) ~[javafx-graphics-21.0.1-win.jar:na]
	at com.sun.javafx.tk.quantum.GlassViewEventHandler.handleKeyEvent(GlassViewEventHandler.java:249) ~[javafx-graphics-21.0.1-win.jar:na]
	at com.sun.glass.ui.View.handleKeyEvent(View.java:542) ~[javafx-graphics-21.0.1-win.jar:na]
	at com.sun.glass.ui.View.notifyKey(View.java:966) ~[javafx-graphics-21.0.1-win.jar:na]
	at com.sun.glass.ui.win.WinApplication._runLoop(Native Method) ~[javafx-graphics-21.0.1-win.jar:na]
	at com.sun.glass.ui.win.WinApplication.lambda$runLoop$3(WinApplication.java:185) ~[javafx-graphics-21.0.1-win.jar:na]
	at java.base/java.lang.Thread.run(Thread.java:1575) ~[na:na]

2025-06-08T22:24:44.549-05:00  INFO 13784 --- [SysVentas] [JavaFX Application Thread] j.LocalContainerEntityManagerFactoryBean : Closing JPA EntityManagerFactory for persistence unit 'default'
2025-06-08T22:24:44.568-05:00  INFO 13784 --- [SysVentas] [JavaFX Application Thread] com.zaxxer.hikari.HikariDataSource       : HikariPool-1 - Shutdown initiated...
2025-06-08T22:24:44.585-05:00  INFO 13784 --- [SysVentas] [JavaFX Application Thread] com.zaxxer.hikari.HikariDataSource       : HikariPool-1 - Shutdown completed.
2025-06-08T22:25:15.921-05:00  INFO 18004 --- [SysVentas] [JavaFX-Launcher] o.s.boot.SpringApplication               : Starting application using Java 23.0.2 with PID 18004 (started by USUARIO in C:\Users\USUARIO\Documents\ProyectoRestaurantJava\ProyectoRestaurant)
2025-06-08T22:25:15.925-05:00  INFO 18004 --- [SysVentas] [JavaFX-Launcher] o.s.boot.SpringApplication               : No active profile set, falling back to 1 default profile: "default"
2025-06-08T22:25:16.989-05:00  INFO 18004 --- [SysVentas] [JavaFX-Launcher] .s.d.r.c.RepositoryConfigurationDelegate : Bootstrapping Spring Data JPA repositories in DEFAULT mode.
2025-06-08T22:25:17.112-05:00  INFO 18004 --- [SysVentas] [JavaFX-Launcher] .s.d.r.c.RepositoryConfigurationDelegate : Finished Spring Data repository scanning in 110 ms. Found 10 JPA repository interfaces.
2025-06-08T22:25:17.745-05:00  INFO 18004 --- [SysVentas] [JavaFX-Launcher] o.hibernate.jpa.internal.util.LogHelper  : HHH000204: Processing PersistenceUnitInfo [name: default]
2025-06-08T22:25:17.833-05:00  INFO 18004 --- [SysVentas] [JavaFX-Launcher] org.hibernate.Version                    : HHH000412: Hibernate ORM core version 6.4.4.Final
2025-06-08T22:25:17.889-05:00  INFO 18004 --- [SysVentas] [JavaFX-Launcher] o.h.c.internal.RegionFactoryInitiator    : HHH000026: Second-level cache disabled
2025-06-08T22:25:18.163-05:00  INFO 18004 --- [SysVentas] [JavaFX-Launcher] o.s.o.j.p.SpringPersistenceUnitInfo      : No LoadTimeWeaver setup: ignoring JPA class transformer
2025-06-08T22:25:18.200-05:00  INFO 18004 --- [SysVentas] [JavaFX-Launcher] com.zaxxer.hikari.HikariDataSource       : HikariPool-1 - Starting...
2025-06-08T22:25:18.331-05:00  INFO 18004 --- [SysVentas] [JavaFX-Launcher] com.zaxxer.hikari.pool.HikariPool        : HikariPool-1 - Added connection org.sqlite.jdbc4.JDBC4Connection@3e43e04d
2025-06-08T22:25:18.333-05:00  INFO 18004 --- [SysVentas] [JavaFX-Launcher] com.zaxxer.hikari.HikariDataSource       : HikariPool-1 - Start completed.
2025-06-08T22:25:19.779-05:00  INFO 18004 --- [SysVentas] [JavaFX-Launcher] o.h.e.t.j.p.i.JtaPlatformInitiator       : HHH000489: No JTA platform available (set 'hibernate.transaction.jta.platform' to enable JTA platform integration)
2025-06-08T22:25:19.834-05:00  INFO 18004 --- [SysVentas] [JavaFX-Launcher] j.LocalContainerEntityManagerFactoryBean : Initialized JPA EntityManagerFactory for persistence unit 'default'
2025-06-08T22:25:20.252-05:00  INFO 18004 --- [SysVentas] [JavaFX-Launcher] o.s.d.j.r.query.QueryEnhancerFactory     : Hibernate is in classpath; If applicable, HQL parser will be used.
2025-06-08T22:25:20.891-05:00  INFO 18004 --- [SysVentas] [JavaFX-Launcher] o.s.boot.SpringApplication               : Started application in 5.919 seconds (process running for 7.509)
2025-06-08T22:25:27.763-05:00  INFO 18004 --- [SysVentas] [JavaFX Application Thread] p.e.u.p.control.ControlLogin             : Autenticación exitosa para el empleado: juan con rol: admin
2025-06-08T22:25:27.816-05:00  INFO 18004 --- [SysVentas] [JavaFX Application Thread] p.e.u.p.control.GUIMainFX                : Inicializando GUIMainFX
2025-06-08T22:25:28.046-05:00  INFO 18004 --- [SysVentas] [JavaFX Application Thread] p.e.u.p.control.ControlMenu              : Inicializando ControlMenu
2025-06-08T22:25:28.087-05:00  INFO 18004 --- [SysVentas] [JavaFX Application Thread] p.e.u.p.service.SeccionService           : Total de secciones encontradas: 0
2025-06-08T22:25:28.110-05:00  INFO 18004 --- [SysVentas] [JavaFX Application Thread] p.e.u.p.service.ProductoService          : Total de productos encontrados: 0
2025-06-08T22:25:28.111-05:00  INFO 18004 --- [SysVentas] [JavaFX Application Thread] p.e.u.p.control.GUIMainFX                : Vista cargada correctamente: /views/admMenu.fxml
2025-06-08T22:25:29.245-05:00  INFO 18004 --- [SysVentas] [JavaFX Application Thread] p.e.u.p.control.ControlLogin             : Interfaz principal cargada correctamente para el rol: admin
2025-06-08T22:25:40.661-05:00  INFO 18004 --- [SysVentas] [JavaFX Application Thread] j.LocalContainerEntityManagerFactoryBean : Closing JPA EntityManagerFactory for persistence unit 'default'
2025-06-08T22:25:40.675-05:00  INFO 18004 --- [SysVentas] [JavaFX Application Thread] com.zaxxer.hikari.HikariDataSource       : HikariPool-1 - Shutdown initiated...
2025-06-08T22:25:40.684-05:00  INFO 18004 --- [SysVentas] [JavaFX Application Thread] com.zaxxer.hikari.HikariDataSource       : HikariPool-1 - Shutdown completed.
2025-06-08T22:45:47.266-05:00  INFO 12580 --- [SysVentas] [JavaFX-Launcher] o.s.boot.SpringApplication               : Starting application using Java 23.0.2 with PID 12580 (started by USUARIO in C:\Users\USUARIO\Documents\ProyectoRestaurantJava\ProyectoRestaurant)
2025-06-08T22:45:47.270-05:00  INFO 12580 --- [SysVentas] [JavaFX-Launcher] o.s.boot.SpringApplication               : No active profile set, falling back to 1 default profile: "default"
2025-06-08T22:45:48.327-05:00  INFO 12580 --- [SysVentas] [JavaFX-Launcher] .s.d.r.c.RepositoryConfigurationDelegate : Bootstrapping Spring Data JPA repositories in DEFAULT mode.
2025-06-08T22:45:48.465-05:00  WARN 12580 --- [SysVentas] [JavaFX-Launcher] s.c.a.AnnotationConfigApplicationContext : Exception encountered during context initialization - cancelling refresh attempt: org.springframework.beans.factory.support.BeanDefinitionOverrideException: Invalid bean definition with name 'menuRepository' defined in pe.edu.upeu.proyecto_restaurant.repository.MenuRepository defined in @EnableJpaRepositories declared on JpaRepositoriesRegistrar.EnableJpaRepositoriesConfiguration: Cannot register bean definition [Root bean: class [org.springframework.data.jpa.repository.support.JpaRepositoryFactoryBean]; scope=; abstract=false; lazyInit=false; autowireMode=0; dependencyCheck=0; autowireCandidate=true; primary=false; factoryBeanName=null; factoryMethodName=null; initMethodNames=null; destroyMethodNames=null; defined in pe.edu.upeu.proyecto_restaurant.repository.MenuRepository defined in @EnableJpaRepositories declared on JpaRepositoriesRegistrar.EnableJpaRepositoriesConfiguration] for bean 'menuRepository' since there is already [Root bean: class [org.springframework.data.jpa.repository.support.JpaRepositoryFactoryBean]; scope=; abstract=false; lazyInit=false; autowireMode=0; dependencyCheck=0; autowireCandidate=true; primary=false; factoryBeanName=null; factoryMethodName=null; initMethodNames=null; destroyMethodNames=null; defined in pe.edu.upeu.proyecto_restaurant.repositorio.MenuRepository defined in @EnableJpaRepositories declared on JpaRepositoriesRegistrar.EnableJpaRepositoriesConfiguration] bound.
2025-06-08T22:45:48.492-05:00  INFO 12580 --- [SysVentas] [JavaFX-Launcher] .s.b.a.l.ConditionEvaluationReportLogger : 

Error starting ApplicationContext. To display the condition evaluation report re-run your application with 'debug' enabled.
2025-06-08T22:45:48.522-05:00 ERROR 12580 --- [SysVentas] [JavaFX-Launcher] o.s.b.d.LoggingFailureAnalysisReporter   : 

***************************
APPLICATION FAILED TO START
***************************

Description:

The bean 'menuRepository', defined in pe.edu.upeu.proyecto_restaurant.repository.MenuRepository defined in @EnableJpaRepositories declared on JpaRepositoriesRegistrar.EnableJpaRepositoriesConfiguration, could not be registered. A bean with that name has already been defined in pe.edu.upeu.proyecto_restaurant.repositorio.MenuRepository defined in @EnableJpaRepositories declared on JpaRepositoriesRegistrar.EnableJpaRepositoriesConfiguration and overriding is disabled.

Action:

Consider renaming one of the beans or enabling overriding by setting spring.main.allow-bean-definition-overriding=true

2025-06-08T22:47:41.731-05:00  INFO 1536 --- [SysVentas] [JavaFX-Launcher] o.s.boot.SpringApplication               : Starting application using Java 23.0.2 with PID 1536 (started by USUARIO in C:\Users\USUARIO\Documents\ProyectoRestaurantJava\ProyectoRestaurant)
2025-06-08T22:47:41.734-05:00  INFO 1536 --- [SysVentas] [JavaFX-Launcher] o.s.boot.SpringApplication               : No active profile set, falling back to 1 default profile: "default"
2025-06-08T22:47:42.833-05:00  INFO 1536 --- [SysVentas] [JavaFX-Launcher] .s.d.r.c.RepositoryConfigurationDelegate : Bootstrapping Spring Data JPA repositories in DEFAULT mode.
2025-06-08T22:47:42.961-05:00  WARN 1536 --- [SysVentas] [JavaFX-Launcher] s.c.a.AnnotationConfigApplicationContext : Exception encountered during context initialization - cancelling refresh attempt: org.springframework.beans.factory.support.BeanDefinitionOverrideException: Invalid bean definition with name 'categoriaRepository' defined in pe.edu.upeu.proyecto_restaurant.repositorio.CategoriaRepository defined in @EnableJpaRepositories declared on JpaRepositoriesRegistrar.EnableJpaRepositoriesConfiguration: Cannot register bean definition [Root bean: class [org.springframework.data.jpa.repository.support.JpaRepositoryFactoryBean]; scope=; abstract=false; lazyInit=false; autowireMode=0; dependencyCheck=0; autowireCandidate=true; primary=false; factoryBeanName=null; factoryMethodName=null; initMethodNames=null; destroyMethodNames=null; defined in pe.edu.upeu.proyecto_restaurant.repositorio.CategoriaRepository defined in @EnableJpaRepositories declared on JpaRepositoriesRegistrar.EnableJpaRepositoriesConfiguration] for bean 'categoriaRepository' since there is already [Root bean: class [org.springframework.data.jpa.repository.support.JpaRepositoryFactoryBean]; scope=; abstract=false; lazyInit=false; autowireMode=0; dependencyCheck=0; autowireCandidate=true; primary=false; factoryBeanName=null; factoryMethodName=null; initMethodNames=null; destroyMethodNames=null; defined in pe.edu.upeu.proyecto_restaurant.repository.CategoriaRepository defined in @EnableJpaRepositories declared on JpaRepositoriesRegistrar.EnableJpaRepositoriesConfiguration] bound.
2025-06-08T22:47:42.988-05:00  INFO 1536 --- [SysVentas] [JavaFX-Launcher] .s.b.a.l.ConditionEvaluationReportLogger : 

Error starting ApplicationContext. To display the condition evaluation report re-run your application with 'debug' enabled.
2025-06-08T22:47:43.018-05:00 ERROR 1536 --- [SysVentas] [JavaFX-Launcher] o.s.b.d.LoggingFailureAnalysisReporter   : 

***************************
APPLICATION FAILED TO START
***************************

Description:

The bean 'categoriaRepository', defined in pe.edu.upeu.proyecto_restaurant.repositorio.CategoriaRepository defined in @EnableJpaRepositories declared on JpaRepositoriesRegistrar.EnableJpaRepositoriesConfiguration, could not be registered. A bean with that name has already been defined in pe.edu.upeu.proyecto_restaurant.repository.CategoriaRepository defined in @EnableJpaRepositories declared on JpaRepositoriesRegistrar.EnableJpaRepositoriesConfiguration and overriding is disabled.

Action:

Consider renaming one of the beans or enabling overriding by setting spring.main.allow-bean-definition-overriding=true

2025-06-08T22:47:55.097-05:00  INFO 12428 --- [SysVentas] [JavaFX-Launcher] o.s.boot.SpringApplication               : Starting application using Java 23.0.2 with PID 12428 (started by USUARIO in C:\Users\USUARIO\Documents\ProyectoRestaurantJava\ProyectoRestaurant)
2025-06-08T22:47:55.101-05:00  INFO 12428 --- [SysVentas] [JavaFX-Launcher] o.s.boot.SpringApplication               : No active profile set, falling back to 1 default profile: "default"
2025-06-08T22:47:56.271-05:00  INFO 12428 --- [SysVentas] [JavaFX-Launcher] .s.d.r.c.RepositoryConfigurationDelegate : Bootstrapping Spring Data JPA repositories in DEFAULT mode.
2025-06-08T22:47:56.391-05:00  WARN 12428 --- [SysVentas] [JavaFX-Launcher] s.c.a.AnnotationConfigApplicationContext : Exception encountered during context initialization - cancelling refresh attempt: org.springframework.beans.factory.support.BeanDefinitionOverrideException: Invalid bean definition with name 'seccionRepository' defined in pe.edu.upeu.proyecto_restaurant.repository.SeccionRepository defined in @EnableJpaRepositories declared on JpaRepositoriesRegistrar.EnableJpaRepositoriesConfiguration: Cannot register bean definition [Root bean: class [org.springframework.data.jpa.repository.support.JpaRepositoryFactoryBean]; scope=; abstract=false; lazyInit=false; autowireMode=0; dependencyCheck=0; autowireCandidate=true; primary=false; factoryBeanName=null; factoryMethodName=null; initMethodNames=null; destroyMethodNames=null; defined in pe.edu.upeu.proyecto_restaurant.repository.SeccionRepository defined in @EnableJpaRepositories declared on JpaRepositoriesRegistrar.EnableJpaRepositoriesConfiguration] for bean 'seccionRepository' since there is already [Root bean: class [org.springframework.data.jpa.repository.support.JpaRepositoryFactoryBean]; scope=; abstract=false; lazyInit=false; autowireMode=0; dependencyCheck=0; autowireCandidate=true; primary=false; factoryBeanName=null; factoryMethodName=null; initMethodNames=null; destroyMethodNames=null; defined in pe.edu.upeu.proyecto_restaurant.repositorio.SeccionRepository defined in @EnableJpaRepositories declared on JpaRepositoriesRegistrar.EnableJpaRepositoriesConfiguration] bound.
2025-06-08T22:47:56.418-05:00  INFO 12428 --- [SysVentas] [JavaFX-Launcher] .s.b.a.l.ConditionEvaluationReportLogger : 

Error starting ApplicationContext. To display the condition evaluation report re-run your application with 'debug' enabled.
2025-06-08T22:47:56.451-05:00 ERROR 12428 --- [SysVentas] [JavaFX-Launcher] o.s.b.d.LoggingFailureAnalysisReporter   : 

***************************
APPLICATION FAILED TO START
***************************

Description:

The bean 'seccionRepository', defined in pe.edu.upeu.proyecto_restaurant.repository.SeccionRepository defined in @EnableJpaRepositories declared on JpaRepositoriesRegistrar.EnableJpaRepositoriesConfiguration, could not be registered. A bean with that name has already been defined in pe.edu.upeu.proyecto_restaurant.repositorio.SeccionRepository defined in @EnableJpaRepositories declared on JpaRepositoriesRegistrar.EnableJpaRepositoriesConfiguration and overriding is disabled.

Action:

Consider renaming one of the beans or enabling overriding by setting spring.main.allow-bean-definition-overriding=true

2025-06-08T22:50:04.570-05:00  INFO 7028 --- [SysVentas] [JavaFX-Launcher] o.s.boot.SpringApplication               : Starting application using Java 23.0.2 with PID 7028 (started by USUARIO in C:\Users\USUARIO\Documents\ProyectoRestaurantJava\ProyectoRestaurant)
2025-06-08T22:50:04.574-05:00  INFO 7028 --- [SysVentas] [JavaFX-Launcher] o.s.boot.SpringApplication               : No active profile set, falling back to 1 default profile: "default"
2025-06-08T22:50:05.624-05:00  INFO 7028 --- [SysVentas] [JavaFX-Launcher] .s.d.r.c.RepositoryConfigurationDelegate : Bootstrapping Spring Data JPA repositories in DEFAULT mode.
2025-06-08T22:50:05.784-05:00  INFO 7028 --- [SysVentas] [JavaFX-Launcher] .s.d.r.c.RepositoryConfigurationDelegate : Finished Spring Data repository scanning in 143 ms. Found 10 JPA repository interfaces.
2025-06-08T22:50:06.386-05:00  INFO 7028 --- [SysVentas] [JavaFX-Launcher] o.hibernate.jpa.internal.util.LogHelper  : HHH000204: Processing PersistenceUnitInfo [name: default]
2025-06-08T22:50:06.473-05:00  INFO 7028 --- [SysVentas] [JavaFX-Launcher] org.hibernate.Version                    : HHH000412: Hibernate ORM core version 6.4.4.Final
2025-06-08T22:50:06.535-05:00  INFO 7028 --- [SysVentas] [JavaFX-Launcher] o.h.c.internal.RegionFactoryInitiator    : HHH000026: Second-level cache disabled
2025-06-08T22:50:06.835-05:00  INFO 7028 --- [SysVentas] [JavaFX-Launcher] o.s.o.j.p.SpringPersistenceUnitInfo      : No LoadTimeWeaver setup: ignoring JPA class transformer
2025-06-08T22:50:06.869-05:00  INFO 7028 --- [SysVentas] [JavaFX-Launcher] com.zaxxer.hikari.HikariDataSource       : HikariPool-1 - Starting...
2025-06-08T22:50:07.005-05:00  INFO 7028 --- [SysVentas] [JavaFX-Launcher] com.zaxxer.hikari.pool.HikariPool        : HikariPool-1 - Added connection org.sqlite.jdbc4.JDBC4Connection@61a12c1b
2025-06-08T22:50:07.008-05:00  INFO 7028 --- [SysVentas] [JavaFX-Launcher] com.zaxxer.hikari.HikariDataSource       : HikariPool-1 - Start completed.
2025-06-08T22:50:08.548-05:00  INFO 7028 --- [SysVentas] [JavaFX-Launcher] o.h.e.t.j.p.i.JtaPlatformInitiator       : HHH000489: No JTA platform available (set 'hibernate.transaction.jta.platform' to enable JTA platform integration)
2025-06-08T22:50:08.622-05:00  INFO 7028 --- [SysVentas] [JavaFX-Launcher] j.LocalContainerEntityManagerFactoryBean : Initialized JPA EntityManagerFactory for persistence unit 'default'
2025-06-08T22:50:09.098-05:00  INFO 7028 --- [SysVentas] [JavaFX-Launcher] o.s.d.j.r.query.QueryEnhancerFactory     : Hibernate is in classpath; If applicable, HQL parser will be used.
2025-06-08T22:50:10.260-05:00  INFO 7028 --- [SysVentas] [JavaFX-Launcher] o.s.boot.SpringApplication               : Started application in 6.492 seconds (process running for 7.831)
2025-06-08T22:50:19.104-05:00  INFO 7028 --- [SysVentas] [JavaFX Application Thread] p.e.u.p.control.ControlLogin             : Autenticación exitosa para el empleado: hermes con rol: admin
2025-06-08T22:50:19.179-05:00  INFO 7028 --- [SysVentas] [JavaFX Application Thread] p.e.u.p.control.GUIMainFX                : Inicializando GUIMainFX
2025-06-08T22:50:19.406-05:00  INFO 7028 --- [SysVentas] [JavaFX Application Thread] p.e.u.p.control.ControlMenu              : Inicializando ControlMenu
2025-06-08T22:50:19.410-05:00 ERROR 7028 --- [SysVentas] [JavaFX Application Thread] p.e.u.p.control.ControlMenu              : Error al inicializar ControlMenu

java.lang.NullPointerException: Cannot invoke "javafx.scene.control.TableColumn.setCellValueFactory(javafx.util.Callback)" because "this.colStock" is null
	at pe.edu.upeu.proyecto_restaurant.control.ControlMenu.initialize(ControlMenu.java:86) ~[classes/:na]
	at javafx.fxml.FXMLLoader.loadImpl(FXMLLoader.java:2670) ~[javafx-fxml-21.0.1-win.jar:na]
	at javafx.fxml.FXMLLoader.loadImpl(FXMLLoader.java:2563) ~[javafx-fxml-21.0.1-win.jar:na]
	at javafx.fxml.FXMLLoader.load(FXMLLoader.java:2531) ~[javafx-fxml-21.0.1-win.jar:na]
	at pe.edu.upeu.proyecto_restaurant.control.GUIMainFX.cargarVista(GUIMainFX.java:89) ~[classes/:na]
	at pe.edu.upeu.proyecto_restaurant.control.ControlLogin.login(ControlLogin.java:100) ~[classes/:na]
	at java.base/jdk.internal.reflect.DirectMethodHandleAccessor.invoke(DirectMethodHandleAccessor.java:103) ~[na:na]
	at java.base/java.lang.reflect.Method.invoke(Method.java:580) ~[na:na]
	at com.sun.javafx.reflect.Trampoline.invoke(MethodUtil.java:72) ~[javafx-base-21.0.1-win.jar:na]
	at java.base/jdk.internal.reflect.DirectMethodHandleAccessor.invoke(DirectMethodHandleAccessor.java:103) ~[na:na]
	at java.base/java.lang.reflect.Method.invoke(Method.java:580) ~[na:na]
	at com.sun.javafx.reflect.MethodUtil.invoke(MethodUtil.java:270) ~[javafx-base-21.0.1-win.jar:na]
	at com.sun.javafx.fxml.MethodHelper.invoke(MethodHelper.java:84) ~[javafx-fxml-21.0.1-win.jar:na]
	at javafx.fxml.FXMLLoader$MethodHandler.invoke(FXMLLoader.java:1853) ~[javafx-fxml-21.0.1-win.jar:na]
	at javafx.fxml.FXMLLoader$ControllerMethodEventHandler.handle(FXMLLoader.java:1726) ~[javafx-fxml-21.0.1-win.jar:na]
	at com.sun.javafx.event.CompositeEventHandler.dispatchBubblingEvent(CompositeEventHandler.java:86) ~[javafx-base-21.0.1-win.jar:na]
	at com.sun.javafx.event.EventHandlerManager.dispatchBubblingEvent(EventHandlerManager.java:232) ~[javafx-base-21.0.1-win.jar:na]
	at com.sun.javafx.event.EventHandlerManager.dispatchBubblingEvent(EventHandlerManager.java:189) ~[javafx-base-21.0.1-win.jar:na]
	at com.sun.javafx.event.CompositeEventDispatcher.dispatchBubblingEvent(CompositeEventDispatcher.java:59) ~[javafx-base-21.0.1-win.jar:na]
	at com.sun.javafx.event.BasicEventDispatcher.dispatchEvent(BasicEventDispatcher.java:58) ~[javafx-base-21.0.1-win.jar:na]
	at com.sun.javafx.event.EventDispatchChainImpl.dispatchEvent(EventDispatchChainImpl.java:114) ~[javafx-base-21.0.1-win.jar:na]
	at com.sun.javafx.event.BasicEventDispatcher.dispatchEvent(BasicEventDispatcher.java:56) ~[javafx-base-21.0.1-win.jar:na]
	at com.sun.javafx.event.EventDispatchChainImpl.dispatchEvent(EventDispatchChainImpl.java:114) ~[javafx-base-21.0.1-win.jar:na]
	at com.sun.javafx.event.BasicEventDispatcher.dispatchEvent(BasicEventDispatcher.java:56) ~[javafx-base-21.0.1-win.jar:na]
	at com.sun.javafx.event.EventDispatchChainImpl.dispatchEvent(EventDispatchChainImpl.java:114) ~[javafx-base-21.0.1-win.jar:na]
	at com.sun.javafx.event.EventUtil.fireEventImpl(EventUtil.java:74) ~[javafx-base-21.0.1-win.jar:na]
	at com.sun.javafx.event.EventUtil.fireEvent(EventUtil.java:49) ~[javafx-base-21.0.1-win.jar:na]
	at javafx.event.Event.fireEvent(Event.java:198) ~[javafx-base-21.0.1-win.jar:na]
	at javafx.scene.Node.fireEvent(Node.java:8875) ~[javafx-graphics-21.0.1-win.jar:na]
	at javafx.scene.control.Button.fire(Button.java:203) ~[javafx-controls-21.0.1-win.jar:na]
	at javafx.scene.control.skin.ButtonSkin.lambda$new$0(ButtonSkin.java:71) ~[javafx-controls-21.0.1-win.jar:na]
	at com.sun.javafx.scene.KeyboardShortcutsHandler.processAccelerators(KeyboardShortcutsHandler.java:383) ~[javafx-graphics-21.0.1-win.jar:na]
	at com.sun.javafx.scene.KeyboardShortcutsHandler.dispatchBubblingEvent(KeyboardShortcutsHandler.java:163) ~[javafx-graphics-21.0.1-win.jar:na]
	at com.sun.javafx.event.CompositeEventDispatcher.dispatchBubblingEvent(CompositeEventDispatcher.java:59) ~[javafx-base-21.0.1-win.jar:na]
	at com.sun.javafx.event.BasicEventDispatcher.dispatchEvent(BasicEventDispatcher.java:58) ~[javafx-base-21.0.1-win.jar:na]
	at com.sun.javafx.event.EventDispatchChainImpl.dispatchEvent(EventDispatchChainImpl.java:114) ~[javafx-base-21.0.1-win.jar:na]
	at com.sun.javafx.event.BasicEventDispatcher.dispatchEvent(BasicEventDispatcher.java:56) ~[javafx-base-21.0.1-win.jar:na]
	at com.sun.javafx.event.EventDispatchChainImpl.dispatchEvent(EventDispatchChainImpl.java:114) ~[javafx-base-21.0.1-win.jar:na]
	at com.sun.javafx.event.EventUtil.fireEventImpl(EventUtil.java:74) ~[javafx-base-21.0.1-win.jar:na]
	at com.sun.javafx.event.EventUtil.fireEvent(EventUtil.java:54) ~[javafx-base-21.0.1-win.jar:na]
	at javafx.event.Event.fireEvent(Event.java:198) ~[javafx-base-21.0.1-win.jar:na]
	at javafx.scene.Scene.processKeyEvent(Scene.java:2194) ~[javafx-graphics-21.0.1-win.jar:na]
	at javafx.scene.Scene$ScenePeerListener.keyEvent(Scene.java:2715) ~[javafx-graphics-21.0.1-win.jar:na]
	at com.sun.javafx.tk.quantum.GlassViewEventHandler$KeyEventNotification.run(GlassViewEventHandler.java:218) ~[javafx-graphics-21.0.1-win.jar:na]
	at com.sun.javafx.tk.quantum.GlassViewEventHandler$KeyEventNotification.run(GlassViewEventHandler.java:150) ~[javafx-graphics-21.0.1-win.jar:na]
	at java.base/java.security.AccessController.doPrivileged(AccessController.java:400) ~[na:na]
	at com.sun.javafx.tk.quantum.GlassViewEventHandler.lambda$handleKeyEvent$1(GlassViewEventHandler.java:250) ~[javafx-graphics-21.0.1-win.jar:na]
	at com.sun.javafx.tk.quantum.QuantumToolkit.runWithoutRenderLock(QuantumToolkit.java:424) ~[javafx-graphics-21.0.1-win.jar:na]
	at com.sun.javafx.tk.quantum.GlassViewEventHandler.handleKeyEvent(GlassViewEventHandler.java:249) ~[javafx-graphics-21.0.1-win.jar:na]
	at com.sun.glass.ui.View.handleKeyEvent(View.java:542) ~[javafx-graphics-21.0.1-win.jar:na]
	at com.sun.glass.ui.View.notifyKey(View.java:966) ~[javafx-graphics-21.0.1-win.jar:na]
	at com.sun.glass.ui.win.WinApplication._runLoop(Native Method) ~[javafx-graphics-21.0.1-win.jar:na]
	at com.sun.glass.ui.win.WinApplication.lambda$runLoop$3(WinApplication.java:185) ~[javafx-graphics-21.0.1-win.jar:na]
	at java.base/java.lang.Thread.run(Thread.java:1575) ~[na:na]

2025-06-08T22:50:32.060-05:00  INFO 7028 --- [SysVentas] [JavaFX Application Thread] p.e.u.p.control.GUIMainFX                : Vista cargada correctamente: /views/admMenu.fxml
2025-06-08T22:50:33.090-05:00  INFO 7028 --- [SysVentas] [JavaFX Application Thread] p.e.u.p.control.ControlLogin             : Interfaz principal cargada correctamente para el rol: admin
2025-06-08T22:51:57.484-05:00  WARN 7028 --- [SysVentas] [JavaFX Application Thread] javafx                                   : Loading FXML document with JavaFX API of version 23.0.1 by JavaFX runtime of version 21.0.1
2025-06-08T22:51:57.607-05:00  INFO 7028 --- [SysVentas] [JavaFX Application Thread] p.e.u.p.control.GUIMainFX                : Vista cargada correctamente: /views/frmPedido.fxml
2025-06-08T22:52:06.825-05:00  INFO 7028 --- [SysVentas] [JavaFX Application Thread] j.LocalContainerEntityManagerFactoryBean : Closing JPA EntityManagerFactory for persistence unit 'default'
2025-06-08T22:52:06.870-05:00  INFO 7028 --- [SysVentas] [JavaFX Application Thread] com.zaxxer.hikari.HikariDataSource       : HikariPool-1 - Shutdown initiated...
2025-06-08T22:52:06.899-05:00  INFO 7028 --- [SysVentas] [JavaFX Application Thread] com.zaxxer.hikari.HikariDataSource       : HikariPool-1 - Shutdown completed.
2025-06-08T22:54:45.433-05:00  INFO 8444 --- [SysVentas] [JavaFX-Launcher] o.s.boot.SpringApplication               : Starting application using Java 23.0.2 with PID 8444 (started by USUARIO in C:\Users\USUARIO\Documents\ProyectoRestaurantJava\ProyectoRestaurant)
2025-06-08T22:54:45.437-05:00  INFO 8444 --- [SysVentas] [JavaFX-Launcher] o.s.boot.SpringApplication               : No active profile set, falling back to 1 default profile: "default"
2025-06-08T22:54:46.538-05:00  INFO 8444 --- [SysVentas] [JavaFX-Launcher] .s.d.r.c.RepositoryConfigurationDelegate : Bootstrapping Spring Data JPA repositories in DEFAULT mode.
2025-06-08T22:54:46.671-05:00  INFO 8444 --- [SysVentas] [JavaFX-Launcher] .s.d.r.c.RepositoryConfigurationDelegate : Finished Spring Data repository scanning in 121 ms. Found 10 JPA repository interfaces.
2025-06-08T22:54:47.282-05:00  INFO 8444 --- [SysVentas] [JavaFX-Launcher] o.hibernate.jpa.internal.util.LogHelper  : HHH000204: Processing PersistenceUnitInfo [name: default]
2025-06-08T22:54:47.383-05:00  INFO 8444 --- [SysVentas] [JavaFX-Launcher] org.hibernate.Version                    : HHH000412: Hibernate ORM core version 6.4.4.Final
2025-06-08T22:54:47.443-05:00  INFO 8444 --- [SysVentas] [JavaFX-Launcher] o.h.c.internal.RegionFactoryInitiator    : HHH000026: Second-level cache disabled
2025-06-08T22:54:47.783-05:00  INFO 8444 --- [SysVentas] [JavaFX-Launcher] o.s.o.j.p.SpringPersistenceUnitInfo      : No LoadTimeWeaver setup: ignoring JPA class transformer
2025-06-08T22:54:47.821-05:00  INFO 8444 --- [SysVentas] [JavaFX-Launcher] com.zaxxer.hikari.HikariDataSource       : HikariPool-1 - Starting...
2025-06-08T22:54:47.959-05:00  INFO 8444 --- [SysVentas] [JavaFX-Launcher] com.zaxxer.hikari.pool.HikariPool        : HikariPool-1 - Added connection org.sqlite.jdbc4.JDBC4Connection@480b7bae
2025-06-08T22:54:47.962-05:00  INFO 8444 --- [SysVentas] [JavaFX-Launcher] com.zaxxer.hikari.HikariDataSource       : HikariPool-1 - Start completed.
2025-06-08T22:54:49.546-05:00  INFO 8444 --- [SysVentas] [JavaFX-Launcher] o.h.e.t.j.p.i.JtaPlatformInitiator       : HHH000489: No JTA platform available (set 'hibernate.transaction.jta.platform' to enable JTA platform integration)
2025-06-08T22:54:49.603-05:00  INFO 8444 --- [SysVentas] [JavaFX-Launcher] j.LocalContainerEntityManagerFactoryBean : Initialized JPA EntityManagerFactory for persistence unit 'default'
2025-06-08T22:54:50.032-05:00  INFO 8444 --- [SysVentas] [JavaFX-Launcher] o.s.d.j.r.query.QueryEnhancerFactory     : Hibernate is in classpath; If applicable, HQL parser will be used.
2025-06-08T22:54:50.619-05:00  INFO 8444 --- [SysVentas] [JavaFX-Launcher] o.s.boot.SpringApplication               : Started application in 6.011 seconds (process running for 7.132)
2025-06-08T22:54:56.982-05:00  INFO 8444 --- [SysVentas] [JavaFX Application Thread] p.e.u.p.control.ControlLogin             : Autenticación exitosa para el empleado: hermes con rol: admin
2025-06-08T22:54:57.037-05:00  INFO 8444 --- [SysVentas] [JavaFX Application Thread] p.e.u.p.control.GUIMainFX                : Inicializando GUIMainFX
2025-06-08T22:54:57.306-05:00  INFO 8444 --- [SysVentas] [JavaFX Application Thread] p.e.u.p.control.ControlMenu              : Inicializando ControlMenu
2025-06-08T22:54:57.355-05:00  INFO 8444 --- [SysVentas] [JavaFX Application Thread] p.e.u.p.service.CategoriaService         : Total de categorías encontradas: 4
2025-06-08T22:54:57.358-05:00  INFO 8444 --- [SysVentas] [JavaFX Application Thread] p.e.u.p.control.ControlMenu              : Categorías cargadas correctamente. Total: 4
2025-06-08T22:54:57.367-05:00  INFO 8444 --- [SysVentas] [JavaFX Application Thread] p.e.u.p.service.SeccionService           : Total de secciones encontradas: 1
2025-06-08T22:54:57.369-05:00  INFO 8444 --- [SysVentas] [JavaFX Application Thread] p.e.u.p.control.ControlMenu              : Secciones cargadas correctamente. Total: 1
2025-06-08T22:54:57.396-05:00  INFO 8444 --- [SysVentas] [JavaFX Application Thread] p.e.u.p.service.ProductoService          : Total de productos encontrados: 0
2025-06-08T22:54:57.399-05:00  INFO 8444 --- [SysVentas] [JavaFX Application Thread] p.e.u.p.control.GUIMainFX                : Vista cargada correctamente: /views/admMenu.fxml
2025-06-08T22:54:58.472-05:00  INFO 8444 --- [SysVentas] [JavaFX Application Thread] p.e.u.p.control.ControlLogin             : Interfaz principal cargada correctamente para el rol: admin
2025-06-08T23:00:31.032-05:00  INFO 15132 --- [SysVentas] [JavaFX-Launcher] o.s.boot.SpringApplication               : Starting application using Java 23.0.2 with PID 15132 (started by USUARIO in C:\Users\USUARIO\Documents\ProyectoRestaurantJava\ProyectoRestaurant)
2025-06-08T23:00:31.036-05:00  INFO 15132 --- [SysVentas] [JavaFX-Launcher] o.s.boot.SpringApplication               : No active profile set, falling back to 1 default profile: "default"
2025-06-08T23:00:32.162-05:00  INFO 15132 --- [SysVentas] [JavaFX-Launcher] .s.d.r.c.RepositoryConfigurationDelegate : Bootstrapping Spring Data JPA repositories in DEFAULT mode.
2025-06-08T23:00:32.297-05:00  INFO 15132 --- [SysVentas] [JavaFX-Launcher] .s.d.r.c.RepositoryConfigurationDelegate : Finished Spring Data repository scanning in 123 ms. Found 10 JPA repository interfaces.
2025-06-08T23:00:32.900-05:00  INFO 15132 --- [SysVentas] [JavaFX-Launcher] o.hibernate.jpa.internal.util.LogHelper  : HHH000204: Processing PersistenceUnitInfo [name: default]
2025-06-08T23:00:32.974-05:00  INFO 15132 --- [SysVentas] [JavaFX-Launcher] org.hibernate.Version                    : HHH000412: Hibernate ORM core version 6.4.4.Final
2025-06-08T23:00:33.025-05:00  INFO 15132 --- [SysVentas] [JavaFX-Launcher] o.h.c.internal.RegionFactoryInitiator    : HHH000026: Second-level cache disabled
2025-06-08T23:00:33.314-05:00  INFO 15132 --- [SysVentas] [JavaFX-Launcher] o.s.o.j.p.SpringPersistenceUnitInfo      : No LoadTimeWeaver setup: ignoring JPA class transformer
2025-06-08T23:00:33.349-05:00  INFO 15132 --- [SysVentas] [JavaFX-Launcher] com.zaxxer.hikari.HikariDataSource       : HikariPool-1 - Starting...
2025-06-08T23:00:33.481-05:00  INFO 15132 --- [SysVentas] [JavaFX-Launcher] com.zaxxer.hikari.pool.HikariPool        : HikariPool-1 - Added connection org.sqlite.jdbc4.JDBC4Connection@377ba879
2025-06-08T23:00:33.486-05:00  INFO 15132 --- [SysVentas] [JavaFX-Launcher] com.zaxxer.hikari.HikariDataSource       : HikariPool-1 - Start completed.
2025-06-08T23:00:34.945-05:00  INFO 15132 --- [SysVentas] [JavaFX-Launcher] o.h.e.t.j.p.i.JtaPlatformInitiator       : HHH000489: No JTA platform available (set 'hibernate.transaction.jta.platform' to enable JTA platform integration)
2025-06-08T23:00:35.000-05:00  INFO 15132 --- [SysVentas] [JavaFX-Launcher] j.LocalContainerEntityManagerFactoryBean : Initialized JPA EntityManagerFactory for persistence unit 'default'
2025-06-08T23:00:35.406-05:00  INFO 15132 --- [SysVentas] [JavaFX-Launcher] o.s.d.j.r.query.QueryEnhancerFactory     : Hibernate is in classpath; If applicable, HQL parser will be used.
2025-06-08T23:00:36.024-05:00  INFO 15132 --- [SysVentas] [JavaFX-Launcher] o.s.boot.SpringApplication               : Started application in 5.826 seconds (process running for 6.898)
2025-06-08T23:00:43.044-05:00  INFO 15132 --- [SysVentas] [JavaFX Application Thread] p.e.u.p.control.ControlLogin             : Autenticación exitosa para el empleado: hermes con rol: admin
2025-06-08T23:00:43.101-05:00  INFO 15132 --- [SysVentas] [JavaFX Application Thread] p.e.u.p.control.GUIMainFX                : Inicializando GUIMainFX
2025-06-08T23:00:43.245-05:00 ERROR 15132 --- [SysVentas] [JavaFX Application Thread] p.e.u.p.control.GUIMainFX                : Error al cargar la vista /views/admMenu.fxml: Error resolving onAction='#handleNuevaCategoria', either the event handler is not in the Namespace or there is an error in the script.
/C:/Users/USUARIO/Documents/ProyectoRestaurantJava/ProyectoRestaurant/target/classes/views/admMenu.fxml:94

2025-06-08T23:00:47.160-05:00  INFO 15132 --- [SysVentas] [JavaFX Application Thread] p.e.u.p.control.ControlLogin             : Interfaz principal cargada correctamente para el rol: admin
2025-06-08T23:00:50.905-05:00  WARN 15132 --- [SysVentas] [JavaFX Application Thread] javafx                                   : Loading FXML document with JavaFX API of version 23.0.1 by JavaFX runtime of version 21.0.1
2025-06-08T23:00:51.021-05:00  INFO 15132 --- [SysVentas] [JavaFX Application Thread] p.e.u.p.control.GUIMainFX                : Vista cargada correctamente: /views/frmPedido.fxml
2025-06-08T23:00:53.419-05:00 ERROR 15132 --- [SysVentas] [JavaFX Application Thread] p.e.u.p.control.GUIMainFX                : Error al cargar la vista /views/admMenu.fxml: Error resolving onAction='#handleNuevaCategoria', either the event handler is not in the Namespace or there is an error in the script.
/C:/Users/USUARIO/Documents/ProyectoRestaurantJava/ProyectoRestaurant/target/classes/views/admMenu.fxml:94

2025-06-08T23:01:00.542-05:00  INFO 15132 --- [SysVentas] [JavaFX Application Thread] j.LocalContainerEntityManagerFactoryBean : Closing JPA EntityManagerFactory for persistence unit 'default'
2025-06-08T23:01:00.570-05:00  INFO 15132 --- [SysVentas] [JavaFX Application Thread] com.zaxxer.hikari.HikariDataSource       : HikariPool-1 - Shutdown initiated...
2025-06-08T23:01:00.579-05:00  INFO 15132 --- [SysVentas] [JavaFX Application Thread] com.zaxxer.hikari.HikariDataSource       : HikariPool-1 - Shutdown completed.
2025-06-08T23:13:21.373-05:00  INFO 8812 --- [SysVentas] [JavaFX-Launcher] o.s.boot.SpringApplication               : Starting application using Java 23.0.2 with PID 8812 (started by USUARIO in C:\Users\USUARIO\Documents\ProyectoRestaurantJava\ProyectoRestaurant)
2025-06-08T23:13:21.377-05:00  INFO 8812 --- [SysVentas] [JavaFX-Launcher] o.s.boot.SpringApplication               : No active profile set, falling back to 1 default profile: "default"
2025-06-08T23:13:22.441-05:00  INFO 8812 --- [SysVentas] [JavaFX-Launcher] .s.d.r.c.RepositoryConfigurationDelegate : Bootstrapping Spring Data JPA repositories in DEFAULT mode.
2025-06-08T23:13:22.578-05:00  INFO 8812 --- [SysVentas] [JavaFX-Launcher] .s.d.r.c.RepositoryConfigurationDelegate : Finished Spring Data repository scanning in 124 ms. Found 10 JPA repository interfaces.
2025-06-08T23:13:23.246-05:00  INFO 8812 --- [SysVentas] [JavaFX-Launcher] o.hibernate.jpa.internal.util.LogHelper  : HHH000204: Processing PersistenceUnitInfo [name: default]
2025-06-08T23:13:23.339-05:00  INFO 8812 --- [SysVentas] [JavaFX-Launcher] org.hibernate.Version                    : HHH000412: Hibernate ORM core version 6.4.4.Final
2025-06-08T23:13:23.392-05:00  INFO 8812 --- [SysVentas] [JavaFX-Launcher] o.h.c.internal.RegionFactoryInitiator    : HHH000026: Second-level cache disabled
2025-06-08T23:13:23.676-05:00  INFO 8812 --- [SysVentas] [JavaFX-Launcher] o.s.o.j.p.SpringPersistenceUnitInfo      : No LoadTimeWeaver setup: ignoring JPA class transformer
2025-06-08T23:13:23.712-05:00  INFO 8812 --- [SysVentas] [JavaFX-Launcher] com.zaxxer.hikari.HikariDataSource       : HikariPool-1 - Starting...
2025-06-08T23:13:23.849-05:00  INFO 8812 --- [SysVentas] [JavaFX-Launcher] com.zaxxer.hikari.pool.HikariPool        : HikariPool-1 - Added connection org.sqlite.jdbc4.JDBC4Connection@57cfbcc
2025-06-08T23:13:23.851-05:00  INFO 8812 --- [SysVentas] [JavaFX-Launcher] com.zaxxer.hikari.HikariDataSource       : HikariPool-1 - Start completed.
2025-06-08T23:13:25.449-05:00  INFO 8812 --- [SysVentas] [JavaFX-Launcher] o.h.e.t.j.p.i.JtaPlatformInitiator       : HHH000489: No JTA platform available (set 'hibernate.transaction.jta.platform' to enable JTA platform integration)
2025-06-08T23:13:25.509-05:00  INFO 8812 --- [SysVentas] [JavaFX-Launcher] j.LocalContainerEntityManagerFactoryBean : Initialized JPA EntityManagerFactory for persistence unit 'default'
2025-06-08T23:13:25.931-05:00  INFO 8812 --- [SysVentas] [JavaFX-Launcher] o.s.d.j.r.query.QueryEnhancerFactory     : Hibernate is in classpath; If applicable, HQL parser will be used.
2025-06-08T23:13:26.540-05:00  INFO 8812 --- [SysVentas] [JavaFX-Launcher] o.s.boot.SpringApplication               : Started application in 5.989 seconds (process running for 7.619)
2025-06-08T23:13:34.005-05:00  INFO 8812 --- [SysVentas] [JavaFX Application Thread] p.e.u.p.control.ControlLogin             : Autenticación exitosa para el empleado: hermes con rol: admin
2025-06-08T23:13:34.065-05:00  INFO 8812 --- [SysVentas] [JavaFX Application Thread] p.e.u.p.control.GUIMainFX                : Inicializando GUIMainFX
2025-06-08T23:13:34.192-05:00 ERROR 8812 --- [SysVentas] [JavaFX Application Thread] p.e.u.p.control.GUIMainFX                : Error al cargar la vista /views/admMenu.fxml: Error resolving onAction='#handleNuevaCategoria', either the event handler is not in the Namespace or there is an error in the script.
/C:/Users/USUARIO/Documents/ProyectoRestaurantJava/ProyectoRestaurant/target/classes/views/admMenu.fxml:94

2025-06-08T23:13:37.156-05:00  INFO 8812 --- [SysVentas] [JavaFX Application Thread] p.e.u.p.control.ControlLogin             : Interfaz principal cargada correctamente para el rol: admin
2025-06-08T23:13:39.189-05:00  INFO 8812 --- [SysVentas] [JavaFX Application Thread] j.LocalContainerEntityManagerFactoryBean : Closing JPA EntityManagerFactory for persistence unit 'default'
2025-06-08T23:13:39.197-05:00  INFO 8812 --- [SysVentas] [JavaFX Application Thread] com.zaxxer.hikari.HikariDataSource       : HikariPool-1 - Shutdown initiated...
2025-06-08T23:13:39.208-05:00  INFO 8812 --- [SysVentas] [JavaFX Application Thread] com.zaxxer.hikari.HikariDataSource       : HikariPool-1 - Shutdown completed.
2025-06-08T23:27:37.089-05:00  INFO 15480 --- [SysVentas] [JavaFX-Launcher] o.s.boot.SpringApplication               : Starting application using Java 23.0.2 with PID 15480 (started by USUARIO in C:\Users\USUARIO\Documents\ProyectoRestaurantJava\ProyectoRestaurant)
2025-06-08T23:27:37.093-05:00  INFO 15480 --- [SysVentas] [JavaFX-Launcher] o.s.boot.SpringApplication               : No active profile set, falling back to 1 default profile: "default"
2025-06-08T23:27:38.158-05:00  INFO 15480 --- [SysVentas] [JavaFX-Launcher] .s.d.r.c.RepositoryConfigurationDelegate : Bootstrapping Spring Data JPA repositories in DEFAULT mode.
2025-06-08T23:27:38.291-05:00  INFO 15480 --- [SysVentas] [JavaFX-Launcher] .s.d.r.c.RepositoryConfigurationDelegate : Finished Spring Data repository scanning in 116 ms. Found 10 JPA repository interfaces.
2025-06-08T23:27:38.869-05:00  INFO 15480 --- [SysVentas] [JavaFX-Launcher] o.hibernate.jpa.internal.util.LogHelper  : HHH000204: Processing PersistenceUnitInfo [name: default]
2025-06-08T23:27:38.945-05:00  INFO 15480 --- [SysVentas] [JavaFX-Launcher] org.hibernate.Version                    : HHH000412: Hibernate ORM core version 6.4.4.Final
2025-06-08T23:27:38.997-05:00  INFO 15480 --- [SysVentas] [JavaFX-Launcher] o.h.c.internal.RegionFactoryInitiator    : HHH000026: Second-level cache disabled
2025-06-08T23:27:39.338-05:00  INFO 15480 --- [SysVentas] [JavaFX-Launcher] o.s.o.j.p.SpringPersistenceUnitInfo      : No LoadTimeWeaver setup: ignoring JPA class transformer
2025-06-08T23:27:39.391-05:00  INFO 15480 --- [SysVentas] [JavaFX-Launcher] com.zaxxer.hikari.HikariDataSource       : HikariPool-1 - Starting...
2025-06-08T23:27:39.641-05:00  INFO 15480 --- [SysVentas] [JavaFX-Launcher] com.zaxxer.hikari.pool.HikariPool        : HikariPool-1 - Added connection org.sqlite.jdbc4.JDBC4Connection@71e6dc0
2025-06-08T23:27:39.643-05:00  INFO 15480 --- [SysVentas] [JavaFX-Launcher] com.zaxxer.hikari.HikariDataSource       : HikariPool-1 - Start completed.
2025-06-08T23:27:39.935-05:00 ERROR 15480 --- [SysVentas] [JavaFX-Launcher] j.LocalContainerEntityManagerFactoryBean : Failed to initialize JPA EntityManagerFactory: A '@JoinColumn' references a column named 'id_categoria' but the target entity 'pe.edu.upeu.proyecto_restaurant.modulo.Categoria' has no property which maps to this column
2025-06-08T23:27:39.937-05:00  WARN 15480 --- [SysVentas] [JavaFX-Launcher] s.c.a.AnnotationConfigApplicationContext : Exception encountered during context initialization - cancelling refresh attempt: org.springframework.beans.factory.BeanCreationException: Error creating bean with name 'entityManagerFactory' defined in class path resource [org/springframework/boot/autoconfigure/orm/jpa/HibernateJpaConfiguration.class]: A '@JoinColumn' references a column named 'id_categoria' but the target entity 'pe.edu.upeu.proyecto_restaurant.modulo.Categoria' has no property which maps to this column
2025-06-08T23:27:39.938-05:00  INFO 15480 --- [SysVentas] [JavaFX-Launcher] com.zaxxer.hikari.HikariDataSource       : HikariPool-1 - Shutdown initiated...
2025-06-08T23:27:39.942-05:00  INFO 15480 --- [SysVentas] [JavaFX-Launcher] com.zaxxer.hikari.HikariDataSource       : HikariPool-1 - Shutdown completed.
2025-06-08T23:27:39.954-05:00  INFO 15480 --- [SysVentas] [JavaFX-Launcher] .s.b.a.l.ConditionEvaluationReportLogger : 

Error starting ApplicationContext. To display the condition evaluation report re-run your application with 'debug' enabled.
2025-06-08T23:27:39.983-05:00 ERROR 15480 --- [SysVentas] [JavaFX-Launcher] o.s.boot.SpringApplication               : Application run failed

org.springframework.beans.factory.BeanCreationException: Error creating bean with name 'entityManagerFactory' defined in class path resource [org/springframework/boot/autoconfigure/orm/jpa/HibernateJpaConfiguration.class]: A '@JoinColumn' references a column named 'id_categoria' but the target entity 'pe.edu.upeu.proyecto_restaurant.modulo.Categoria' has no property which maps to this column
	at org.springframework.beans.factory.support.AbstractAutowireCapableBeanFactory.initializeBean(AbstractAutowireCapableBeanFactory.java:1786) ~[spring-beans-6.1.4.jar:6.1.4]
	at org.springframework.beans.factory.support.AbstractAutowireCapableBeanFactory.doCreateBean(AbstractAutowireCapableBeanFactory.java:600) ~[spring-beans-6.1.4.jar:6.1.4]
	at org.springframework.beans.factory.support.AbstractAutowireCapableBeanFactory.createBean(AbstractAutowireCapableBeanFactory.java:522) ~[spring-beans-6.1.4.jar:6.1.4]
	at org.springframework.beans.factory.support.AbstractBeanFactory.lambda$doGetBean$0(AbstractBeanFactory.java:325) ~[spring-beans-6.1.4.jar:6.1.4]
	at org.springframework.beans.factory.support.DefaultSingletonBeanRegistry.getSingleton(DefaultSingletonBeanRegistry.java:234) ~[spring-beans-6.1.4.jar:6.1.4]
	at org.springframework.beans.factory.support.AbstractBeanFactory.doGetBean(AbstractBeanFactory.java:323) ~[spring-beans-6.1.4.jar:6.1.4]
	at org.springframework.beans.factory.support.AbstractBeanFactory.getBean(AbstractBeanFactory.java:199) ~[spring-beans-6.1.4.jar:6.1.4]
	at org.springframework.context.support.AbstractApplicationContext.getBean(AbstractApplicationContext.java:1231) ~[spring-context-6.1.4.jar:6.1.4]
	at org.springframework.context.support.AbstractApplicationContext.finishBeanFactoryInitialization(AbstractApplicationContext.java:949) ~[spring-context-6.1.4.jar:6.1.4]
	at org.springframework.context.support.AbstractApplicationContext.refresh(AbstractApplicationContext.java:624) ~[spring-context-6.1.4.jar:6.1.4]
	at org.springframework.boot.SpringApplication.refresh(SpringApplication.java:754) ~[spring-boot-3.2.3.jar:3.2.3]
	at org.springframework.boot.SpringApplication.refreshContext(SpringApplication.java:456) ~[spring-boot-3.2.3.jar:3.2.3]
	at org.springframework.boot.SpringApplication.run(SpringApplication.java:334) ~[spring-boot-3.2.3.jar:3.2.3]
	at org.springframework.boot.builder.SpringApplicationBuilder.run(SpringApplicationBuilder.java:149) ~[spring-boot-3.2.3.jar:3.2.3]
	at pe.edu.upeu.proyecto_restaurant.ProyectoRestaurantApplication.init(ProyectoRestaurantApplication.java:32) ~[classes/:na]
	at com.sun.javafx.application.LauncherImpl.launchApplication1(LauncherImpl.java:817) ~[javafx-graphics-21.0.1-win.jar:na]
	at com.sun.javafx.application.LauncherImpl.lambda$launchApplication$2(LauncherImpl.java:196) ~[javafx-graphics-21.0.1-win.jar:na]
	at java.base/java.lang.Thread.run(Thread.java:1575) ~[na:na]
Caused by: org.hibernate.MappingException: A '@JoinColumn' references a column named 'id_categoria' but the target entity 'pe.edu.upeu.proyecto_restaurant.modulo.Categoria' has no property which maps to this column
	at org.hibernate.boot.model.internal.AnnotatedJoinColumns.getReferencedColumnsType(AnnotatedJoinColumns.java:321) ~[hibernate-core-6.4.4.Final.jar:6.4.4.Final]
	at org.hibernate.boot.model.internal.BinderHelper.createSyntheticPropertyReference(BinderHelper.java:153) ~[hibernate-core-6.4.4.Final.jar:6.4.4.Final]
	at org.hibernate.boot.model.internal.ToOneFkSecondPass.doSecondPass(ToOneFkSecondPass.java:107) ~[hibernate-core-6.4.4.Final.jar:6.4.4.Final]
	at org.hibernate.boot.internal.InFlightMetadataCollectorImpl.processEndOfQueue(InFlightMetadataCollectorImpl.java:1910) ~[hibernate-core-6.4.4.Final.jar:6.4.4.Final]
	at org.hibernate.boot.internal.InFlightMetadataCollectorImpl.processFkSecondPassesInOrder(InFlightMetadataCollectorImpl.java:1859) ~[hibernate-core-6.4.4.Final.jar:6.4.4.Final]
	at org.hibernate.boot.internal.InFlightMetadataCollectorImpl.processSecondPasses(InFlightMetadataCollectorImpl.java:1768) ~[hibernate-core-6.4.4.Final.jar:6.4.4.Final]
	at org.hibernate.boot.model.process.spi.MetadataBuildingProcess.complete(MetadataBuildingProcess.java:332) ~[hibernate-core-6.4.4.Final.jar:6.4.4.Final]
	at org.hibernate.jpa.boot.internal.EntityManagerFactoryBuilderImpl.metadata(EntityManagerFactoryBuilderImpl.java:1432) ~[hibernate-core-6.4.4.Final.jar:6.4.4.Final]
	at org.hibernate.jpa.boot.internal.EntityManagerFactoryBuilderImpl.build(EntityManagerFactoryBuilderImpl.java:1503) ~[hibernate-core-6.4.4.Final.jar:6.4.4.Final]
	at org.springframework.orm.jpa.vendor.SpringHibernateJpaPersistenceProvider.createContainerEntityManagerFactory(SpringHibernateJpaPersistenceProvider.java:75) ~[spring-orm-6.1.4.jar:6.1.4]
	at org.springframework.orm.jpa.LocalContainerEntityManagerFactoryBean.createNativeEntityManagerFactory(LocalContainerEntityManagerFactoryBean.java:388) ~[spring-orm-6.1.4.jar:6.1.4]
	at org.springframework.orm.jpa.AbstractEntityManagerFactoryBean.buildNativeEntityManagerFactory(AbstractEntityManagerFactoryBean.java:409) ~[spring-orm-6.1.4.jar:6.1.4]
	at org.springframework.orm.jpa.AbstractEntityManagerFactoryBean.afterPropertiesSet(AbstractEntityManagerFactoryBean.java:396) ~[spring-orm-6.1.4.jar:6.1.4]
	at org.springframework.orm.jpa.LocalContainerEntityManagerFactoryBean.afterPropertiesSet(LocalContainerEntityManagerFactoryBean.java:364) ~[spring-orm-6.1.4.jar:6.1.4]
	at org.springframework.beans.factory.support.AbstractAutowireCapableBeanFactory.invokeInitMethods(AbstractAutowireCapableBeanFactory.java:1833) ~[spring-beans-6.1.4.jar:6.1.4]
	at org.springframework.beans.factory.support.AbstractAutowireCapableBeanFactory.initializeBean(AbstractAutowireCapableBeanFactory.java:1782) ~[spring-beans-6.1.4.jar:6.1.4]
	... 17 common frames omitted

2025-06-08T23:28:16.526-05:00  INFO 12924 --- [SysVentas] [JavaFX-Launcher] o.s.boot.SpringApplication               : Starting application using Java 23.0.2 with PID 12924 (started by USUARIO in C:\Users\USUARIO\Documents\ProyectoRestaurantJava\ProyectoRestaurant)
2025-06-08T23:28:16.530-05:00  INFO 12924 --- [SysVentas] [JavaFX-Launcher] o.s.boot.SpringApplication               : No active profile set, falling back to 1 default profile: "default"
2025-06-08T23:28:17.539-05:00  INFO 12924 --- [SysVentas] [JavaFX-Launcher] .s.d.r.c.RepositoryConfigurationDelegate : Bootstrapping Spring Data JPA repositories in DEFAULT mode.
2025-06-08T23:28:17.690-05:00  INFO 12924 --- [SysVentas] [JavaFX-Launcher] .s.d.r.c.RepositoryConfigurationDelegate : Finished Spring Data repository scanning in 135 ms. Found 10 JPA repository interfaces.
2025-06-08T23:28:18.312-05:00  INFO 12924 --- [SysVentas] [JavaFX-Launcher] o.hibernate.jpa.internal.util.LogHelper  : HHH000204: Processing PersistenceUnitInfo [name: default]
2025-06-08T23:28:18.407-05:00  INFO 12924 --- [SysVentas] [JavaFX-Launcher] org.hibernate.Version                    : HHH000412: Hibernate ORM core version 6.4.4.Final
2025-06-08T23:28:18.461-05:00  INFO 12924 --- [SysVentas] [JavaFX-Launcher] o.h.c.internal.RegionFactoryInitiator    : HHH000026: Second-level cache disabled
2025-06-08T23:28:18.751-05:00  INFO 12924 --- [SysVentas] [JavaFX-Launcher] o.s.o.j.p.SpringPersistenceUnitInfo      : No LoadTimeWeaver setup: ignoring JPA class transformer
2025-06-08T23:28:18.785-05:00  INFO 12924 --- [SysVentas] [JavaFX-Launcher] com.zaxxer.hikari.HikariDataSource       : HikariPool-1 - Starting...
2025-06-08T23:28:18.918-05:00  INFO 12924 --- [SysVentas] [JavaFX-Launcher] com.zaxxer.hikari.pool.HikariPool        : HikariPool-1 - Added connection org.sqlite.jdbc4.JDBC4Connection@6bffd18a
2025-06-08T23:28:18.920-05:00  INFO 12924 --- [SysVentas] [JavaFX-Launcher] com.zaxxer.hikari.HikariDataSource       : HikariPool-1 - Start completed.
2025-06-08T23:28:19.266-05:00 ERROR 12924 --- [SysVentas] [JavaFX-Launcher] j.LocalContainerEntityManagerFactoryBean : Failed to initialize JPA EntityManagerFactory: A '@JoinColumn' references a column named 'id_categoria' but the target entity 'pe.edu.upeu.proyecto_restaurant.modulo.Categoria' has no property which maps to this column
2025-06-08T23:28:19.268-05:00  WARN 12924 --- [SysVentas] [JavaFX-Launcher] s.c.a.AnnotationConfigApplicationContext : Exception encountered during context initialization - cancelling refresh attempt: org.springframework.beans.factory.BeanCreationException: Error creating bean with name 'entityManagerFactory' defined in class path resource [org/springframework/boot/autoconfigure/orm/jpa/HibernateJpaConfiguration.class]: A '@JoinColumn' references a column named 'id_categoria' but the target entity 'pe.edu.upeu.proyecto_restaurant.modulo.Categoria' has no property which maps to this column
2025-06-08T23:28:19.269-05:00  INFO 12924 --- [SysVentas] [JavaFX-Launcher] com.zaxxer.hikari.HikariDataSource       : HikariPool-1 - Shutdown initiated...
2025-06-08T23:28:19.273-05:00  INFO 12924 --- [SysVentas] [JavaFX-Launcher] com.zaxxer.hikari.HikariDataSource       : HikariPool-1 - Shutdown completed.
2025-06-08T23:28:19.290-05:00  INFO 12924 --- [SysVentas] [JavaFX-Launcher] .s.b.a.l.ConditionEvaluationReportLogger : 

Error starting ApplicationContext. To display the condition evaluation report re-run your application with 'debug' enabled.
2025-06-08T23:28:19.336-05:00 ERROR 12924 --- [SysVentas] [JavaFX-Launcher] o.s.boot.SpringApplication               : Application run failed

org.springframework.beans.factory.BeanCreationException: Error creating bean with name 'entityManagerFactory' defined in class path resource [org/springframework/boot/autoconfigure/orm/jpa/HibernateJpaConfiguration.class]: A '@JoinColumn' references a column named 'id_categoria' but the target entity 'pe.edu.upeu.proyecto_restaurant.modulo.Categoria' has no property which maps to this column
	at org.springframework.beans.factory.support.AbstractAutowireCapableBeanFactory.initializeBean(AbstractAutowireCapableBeanFactory.java:1786) ~[spring-beans-6.1.4.jar:6.1.4]
	at org.springframework.beans.factory.support.AbstractAutowireCapableBeanFactory.doCreateBean(AbstractAutowireCapableBeanFactory.java:600) ~[spring-beans-6.1.4.jar:6.1.4]
	at org.springframework.beans.factory.support.AbstractAutowireCapableBeanFactory.createBean(AbstractAutowireCapableBeanFactory.java:522) ~[spring-beans-6.1.4.jar:6.1.4]
	at org.springframework.beans.factory.support.AbstractBeanFactory.lambda$doGetBean$0(AbstractBeanFactory.java:325) ~[spring-beans-6.1.4.jar:6.1.4]
	at org.springframework.beans.factory.support.DefaultSingletonBeanRegistry.getSingleton(DefaultSingletonBeanRegistry.java:234) ~[spring-beans-6.1.4.jar:6.1.4]
	at org.springframework.beans.factory.support.AbstractBeanFactory.doGetBean(AbstractBeanFactory.java:323) ~[spring-beans-6.1.4.jar:6.1.4]
	at org.springframework.beans.factory.support.AbstractBeanFactory.getBean(AbstractBeanFactory.java:199) ~[spring-beans-6.1.4.jar:6.1.4]
	at org.springframework.context.support.AbstractApplicationContext.getBean(AbstractApplicationContext.java:1231) ~[spring-context-6.1.4.jar:6.1.4]
	at org.springframework.context.support.AbstractApplicationContext.finishBeanFactoryInitialization(AbstractApplicationContext.java:949) ~[spring-context-6.1.4.jar:6.1.4]
	at org.springframework.context.support.AbstractApplicationContext.refresh(AbstractApplicationContext.java:624) ~[spring-context-6.1.4.jar:6.1.4]
	at org.springframework.boot.SpringApplication.refresh(SpringApplication.java:754) ~[spring-boot-3.2.3.jar:3.2.3]
	at org.springframework.boot.SpringApplication.refreshContext(SpringApplication.java:456) ~[spring-boot-3.2.3.jar:3.2.3]
	at org.springframework.boot.SpringApplication.run(SpringApplication.java:334) ~[spring-boot-3.2.3.jar:3.2.3]
	at org.springframework.boot.builder.SpringApplicationBuilder.run(SpringApplicationBuilder.java:149) ~[spring-boot-3.2.3.jar:3.2.3]
	at pe.edu.upeu.proyecto_restaurant.ProyectoRestaurantApplication.init(ProyectoRestaurantApplication.java:32) ~[classes/:na]
	at com.sun.javafx.application.LauncherImpl.launchApplication1(LauncherImpl.java:817) ~[javafx-graphics-21.0.1-win.jar:na]
	at com.sun.javafx.application.LauncherImpl.lambda$launchApplication$2(LauncherImpl.java:196) ~[javafx-graphics-21.0.1-win.jar:na]
	at java.base/java.lang.Thread.run(Thread.java:1575) ~[na:na]
Caused by: org.hibernate.MappingException: A '@JoinColumn' references a column named 'id_categoria' but the target entity 'pe.edu.upeu.proyecto_restaurant.modulo.Categoria' has no property which maps to this column
	at org.hibernate.boot.model.internal.AnnotatedJoinColumns.getReferencedColumnsType(AnnotatedJoinColumns.java:321) ~[hibernate-core-6.4.4.Final.jar:6.4.4.Final]
	at org.hibernate.boot.model.internal.BinderHelper.createSyntheticPropertyReference(BinderHelper.java:153) ~[hibernate-core-6.4.4.Final.jar:6.4.4.Final]
	at org.hibernate.boot.model.internal.ToOneFkSecondPass.doSecondPass(ToOneFkSecondPass.java:107) ~[hibernate-core-6.4.4.Final.jar:6.4.4.Final]
	at org.hibernate.boot.internal.InFlightMetadataCollectorImpl.processEndOfQueue(InFlightMetadataCollectorImpl.java:1910) ~[hibernate-core-6.4.4.Final.jar:6.4.4.Final]
	at org.hibernate.boot.internal.InFlightMetadataCollectorImpl.processFkSecondPassesInOrder(InFlightMetadataCollectorImpl.java:1859) ~[hibernate-core-6.4.4.Final.jar:6.4.4.Final]
	at org.hibernate.boot.internal.InFlightMetadataCollectorImpl.processSecondPasses(InFlightMetadataCollectorImpl.java:1768) ~[hibernate-core-6.4.4.Final.jar:6.4.4.Final]
	at org.hibernate.boot.model.process.spi.MetadataBuildingProcess.complete(MetadataBuildingProcess.java:332) ~[hibernate-core-6.4.4.Final.jar:6.4.4.Final]
	at org.hibernate.jpa.boot.internal.EntityManagerFactoryBuilderImpl.metadata(EntityManagerFactoryBuilderImpl.java:1432) ~[hibernate-core-6.4.4.Final.jar:6.4.4.Final]
	at org.hibernate.jpa.boot.internal.EntityManagerFactoryBuilderImpl.build(EntityManagerFactoryBuilderImpl.java:1503) ~[hibernate-core-6.4.4.Final.jar:6.4.4.Final]
	at org.springframework.orm.jpa.vendor.SpringHibernateJpaPersistenceProvider.createContainerEntityManagerFactory(SpringHibernateJpaPersistenceProvider.java:75) ~[spring-orm-6.1.4.jar:6.1.4]
	at org.springframework.orm.jpa.LocalContainerEntityManagerFactoryBean.createNativeEntityManagerFactory(LocalContainerEntityManagerFactoryBean.java:388) ~[spring-orm-6.1.4.jar:6.1.4]
	at org.springframework.orm.jpa.AbstractEntityManagerFactoryBean.buildNativeEntityManagerFactory(AbstractEntityManagerFactoryBean.java:409) ~[spring-orm-6.1.4.jar:6.1.4]
	at org.springframework.orm.jpa.AbstractEntityManagerFactoryBean.afterPropertiesSet(AbstractEntityManagerFactoryBean.java:396) ~[spring-orm-6.1.4.jar:6.1.4]
	at org.springframework.orm.jpa.LocalContainerEntityManagerFactoryBean.afterPropertiesSet(LocalContainerEntityManagerFactoryBean.java:364) ~[spring-orm-6.1.4.jar:6.1.4]
	at org.springframework.beans.factory.support.AbstractAutowireCapableBeanFactory.invokeInitMethods(AbstractAutowireCapableBeanFactory.java:1833) ~[spring-beans-6.1.4.jar:6.1.4]
	at org.springframework.beans.factory.support.AbstractAutowireCapableBeanFactory.initializeBean(AbstractAutowireCapableBeanFactory.java:1782) ~[spring-beans-6.1.4.jar:6.1.4]
	... 17 common frames omitted

2025-06-08T23:29:32.421-05:00  INFO 13044 --- [SysVentas] [JavaFX-Launcher] o.s.boot.SpringApplication               : Starting application using Java 23.0.2 with PID 13044 (started by USUARIO in C:\Users\USUARIO\Documents\ProyectoRestaurantJava\ProyectoRestaurant)
2025-06-08T23:29:32.424-05:00  INFO 13044 --- [SysVentas] [JavaFX-Launcher] o.s.boot.SpringApplication               : No active profile set, falling back to 1 default profile: "default"
2025-06-08T23:29:33.448-05:00  INFO 13044 --- [SysVentas] [JavaFX-Launcher] .s.d.r.c.RepositoryConfigurationDelegate : Bootstrapping Spring Data JPA repositories in DEFAULT mode.
2025-06-08T23:29:33.601-05:00  INFO 13044 --- [SysVentas] [JavaFX-Launcher] .s.d.r.c.RepositoryConfigurationDelegate : Finished Spring Data repository scanning in 138 ms. Found 10 JPA repository interfaces.
2025-06-08T23:29:34.202-05:00  INFO 13044 --- [SysVentas] [JavaFX-Launcher] o.hibernate.jpa.internal.util.LogHelper  : HHH000204: Processing PersistenceUnitInfo [name: default]
2025-06-08T23:29:34.284-05:00  INFO 13044 --- [SysVentas] [JavaFX-Launcher] org.hibernate.Version                    : HHH000412: Hibernate ORM core version 6.4.4.Final
2025-06-08T23:29:34.338-05:00  INFO 13044 --- [SysVentas] [JavaFX-Launcher] o.h.c.internal.RegionFactoryInitiator    : HHH000026: Second-level cache disabled
2025-06-08T23:29:34.697-05:00  INFO 13044 --- [SysVentas] [JavaFX-Launcher] o.s.o.j.p.SpringPersistenceUnitInfo      : No LoadTimeWeaver setup: ignoring JPA class transformer
2025-06-08T23:29:34.736-05:00  INFO 13044 --- [SysVentas] [JavaFX-Launcher] com.zaxxer.hikari.HikariDataSource       : HikariPool-1 - Starting...
2025-06-08T23:29:34.846-05:00  INFO 13044 --- [SysVentas] [JavaFX-Launcher] com.zaxxer.hikari.pool.HikariPool        : HikariPool-1 - Added connection org.sqlite.jdbc4.JDBC4Connection@51781d95
2025-06-08T23:29:34.849-05:00  INFO 13044 --- [SysVentas] [JavaFX-Launcher] com.zaxxer.hikari.HikariDataSource       : HikariPool-1 - Start completed.
2025-06-08T23:29:36.484-05:00  INFO 13044 --- [SysVentas] [JavaFX-Launcher] o.h.e.t.j.p.i.JtaPlatformInitiator       : HHH000489: No JTA platform available (set 'hibernate.transaction.jta.platform' to enable JTA platform integration)
2025-06-08T23:29:36.563-05:00  INFO 13044 --- [SysVentas] [JavaFX-Launcher] j.LocalContainerEntityManagerFactoryBean : Initialized JPA EntityManagerFactory for persistence unit 'default'
2025-06-08T23:29:37.045-05:00  INFO 13044 --- [SysVentas] [JavaFX-Launcher] o.s.d.j.r.query.QueryEnhancerFactory     : Hibernate is in classpath; If applicable, HQL parser will be used.
2025-06-08T23:29:37.654-05:00  INFO 13044 --- [SysVentas] [JavaFX-Launcher] o.s.boot.SpringApplication               : Started application in 6.056 seconds (process running for 7.278)
2025-06-08T23:29:55.063-05:00  INFO 13044 --- [SysVentas] [JavaFX Application Thread] p.e.u.p.control.ControlLogin             : Autenticación exitosa para el empleado: hermes con rol: admin
2025-06-08T23:29:55.119-05:00  INFO 13044 --- [SysVentas] [JavaFX Application Thread] p.e.u.p.control.GUIMainFX                : Inicializando GUIMainFX
2025-06-08T23:29:55.272-05:00 ERROR 13044 --- [SysVentas] [JavaFX Application Thread] p.e.u.p.control.GUIMainFX                : Error al cargar la vista /views/admMenu.fxml: Error resolving onAction='#handleNuevaCategoria', either the event handler is not in the Namespace or there is an error in the script.
/C:/Users/USUARIO/Documents/ProyectoRestaurantJava/ProyectoRestaurant/target/classes/views/admMenu.fxml:94

2025-06-08T23:30:01.011-05:00  INFO 13044 --- [SysVentas] [JavaFX Application Thread] p.e.u.p.control.ControlLogin             : Interfaz principal cargada correctamente para el rol: admin
2025-06-08T23:30:03.323-05:00  INFO 13044 --- [SysVentas] [JavaFX Application Thread] j.LocalContainerEntityManagerFactoryBean : Closing JPA EntityManagerFactory for persistence unit 'default'
2025-06-08T23:30:03.328-05:00  INFO 13044 --- [SysVentas] [JavaFX Application Thread] com.zaxxer.hikari.HikariDataSource       : HikariPool-1 - Shutdown initiated...
2025-06-08T23:30:03.347-05:00  INFO 13044 --- [SysVentas] [JavaFX Application Thread] com.zaxxer.hikari.HikariDataSource       : HikariPool-1 - Shutdown completed.
